#
# There is insufficient memory for the Java Runtime Environment to continue.
# Native memory allocation (mmap) failed to map 65536 bytes for Failed to commit metaspace.
# Possible reasons:
#   The system is out of physical RAM or swap space
#   The process is running with CompressedOops enabled, and the Java Heap may be blocking the growth of the native heap
# Possible solutions:
#   Reduce memory load on the system
#   Increase physical memory or swap space
#   Check if swap backing store is full
#   Decrease Java heap size (-Xmx/-Xms)
#   Decrease number of Java threads
#   Decrease Java thread stack sizes (-Xss)
#   Set larger code cache with -XX:ReservedCodeCacheSize=
#   JVM is running with Unscaled Compressed Oops mode in which the Java heap is
#     placed in the first 4GB address space. The Java Heap base address is the
#     maximum limit for the native heap growth. Please use -XX:HeapBaseMinAddress
#     to set the Java Heap base and to place the Java Heap above 4GB virtual address.
# This output file may be truncated or incomplete.
#
#  Out of Memory Error (virtualSpaceNode.cpp:110), pid=10288, tid=11036
#
# JRE version: Java(TM) SE Runtime Environment (20.0.1+9) (build 20.0.1+9-29)
# Java VM: Java HotSpot(TM) 64-Bit Server VM (20.0.1+9-29, mixed mode, emulated-client, sharing, tiered, compressed oops, compressed class ptrs, g1 gc, windows-amd64)
# No core dump will be written. Minidumps are not enabled by default on client versions of Windows
#

---------------  S U M M A R Y ------------

Command Line: -XX:TieredStopAtLevel=1 -Dspring.output.ansi.enabled=always -Dcom.sun.management.jmxremote -Dspring.jmx.enabled=true -Dspring.liveBeansView.mbeanDomain -Dspring.application.admin.enabled=true -Dmanagement.endpoints.jmx.exposure.include=* -javaagent:C:\Program Files\JetBrains\IntelliJ IDEA 2023.1.1\lib\idea_rt.jar=64878:C:\Program Files\JetBrains\IntelliJ IDEA 2023.1.1\bin -Dfile.encoding=UTF-8 -Dsun.stdout.encoding=UTF-8 -Dsun.stderr.encoding=UTF-8 com.example.basicspringproject2.BasicSpringProject2Application

Host: Intel(R) Core(TM) i5-8350U CPU @ 1.70GHz, 8 cores, 7G,  Windows 10 , 64 bit Build 19041 (10.0.19041.3031)
Time: Thu Jun 29 12:50:43 2023 Eastern Daylight Time elapsed time: 1.161917 seconds (0d 0h 0m 1s)

---------------  T H R E A D  ---------------

Current thread (0x000001371d8a6890):  JavaThread "RMI TCP Connection(1)-172.22.240.1" daemon [_thread_in_vm, id=11036, stack(0x000000241c600000,0x000000241c700000)]

Stack: [0x000000241c600000,0x000000241c700000]
Native frames: (J=compiled Java code, j=interpreted, Vv=VM code, C=native code)
V  [jvm.dll+0x6bb95a]
V  [jvm.dll+0x8485fa]
V  [jvm.dll+0x84a1f5]
V  [jvm.dll+0x84a8f3]
V  [jvm.dll+0x280b0f]
V  [jvm.dll+0x84453b]
V  [jvm.dll+0x65fd86]
V  [jvm.dll+0x1eb4e7]
V  [jvm.dll+0x6627a2]
V  [jvm.dll+0x66258e]
V  [jvm.dll+0x66079e]
V  [jvm.dll+0x26da26]
V  [jvm.dll+0x21bea7]
V  [jvm.dll+0x211780]
V  [jvm.dll+0x59c26c]
V  [jvm.dll+0x7c3802]
V  [jvm.dll+0x7c376a]
V  [jvm.dll+0x46cb9d]
V  [jvm.dll+0x47f4c6]
C  [java.dll+0x1657]

Java frames: (J=compiled Java code, j=interpreted, Vv=VM code)
J 1608  java.lang.ClassLoader.defineClass0(Ljava/lang/ClassLoader;Ljava/lang/Class;Ljava/lang/String;[BIILjava/security/ProtectionDomain;ZILjava/lang/Object;)Ljava/lang/Class; java.base@20.0.1 (0 bytes) @ 0x0000013710283d9c [0x0000013710283ca0+0x00000000000000fc]
J 1607 c1 java.lang.System$2.defineClass(Ljava/lang/ClassLoader;Ljava/lang/Class;Ljava/lang/String;[BLjava/security/ProtectionDomain;ZILjava/lang/Object;)Ljava/lang/Class; java.base@20.0.1 (21 bytes) @ 0x000001371028951c [0x00000137102894a0+0x000000000000007c]
J 1606 c1 java.lang.invoke.MethodHandles$Lookup$ClassDefiner.defineClass(ZLjava/lang/Object;)Ljava/lang/Class; java.base@20.0.1 (97 bytes) @ 0x0000013710289a2c [0x0000013710289840+0x00000000000001ec]
j  java.lang.invoke.InvokerBytecodeGenerator.loadMethod([B)Ljava/lang/invoke/MemberName;+19 java.base@20.0.1
j  java.lang.invoke.InvokerBytecodeGenerator.generateCustomizedCode(Ljava/lang/invoke/LambdaForm;Ljava/lang/invoke/MethodType;)Ljava/lang/invoke/MemberName;+30 java.base@20.0.1
j  java.lang.invoke.LambdaForm.compileToBytecode()V+69 java.base@20.0.1
J 488 c1 java.lang.invoke.LambdaForm.prepare()V java.base@20.0.1 (112 bytes) @ 0x0000013710053284 [0x0000013710053200+0x0000000000000084]
J 487 c1 java.lang.invoke.MethodHandle.<init>(Ljava/lang/invoke/MethodType;Ljava/lang/invoke/LambdaForm;)V java.base@20.0.1 (37 bytes) @ 0x0000013710051d0c [0x0000013710051c40+0x00000000000000cc]
J 1810 c1 java.lang.invoke.BoundMethodHandle$Species_L.<init>(Ljava/lang/invoke/MethodType;Ljava/lang/invoke/LambdaForm;Ljava/lang/Object;)V java.base@20.0.1 (12 bytes) @ 0x00000137102cd9fc [0x00000137102cd9a0+0x000000000000005c]
j  java.lang.invoke.BoundMethodHandle$Species_L.copyWith(Ljava/lang/invoke/MethodType;Ljava/lang/invoke/LambdaForm;)Ljava/lang/invoke/BoundMethodHandle;+10 java.base@20.0.1
j  java.lang.invoke.MethodHandles.dropArgumentsTrusted(Ljava/lang/invoke/MethodHandle;I[Ljava/lang/Class;)Ljava/lang/invoke/MethodHandle;+103 java.base@20.0.1
j  java.lang.invoke.StringConcatFactory.generateMHInlineCopy(Ljava/lang/invoke/MethodType;[Ljava/lang/String;)Ljava/lang/invoke/MethodHandle;+337 java.base@20.0.1
j  java.lang.invoke.StringConcatFactory.makeConcatWithConstants(Ljava/lang/invoke/MethodHandles$Lookup;Ljava/lang/String;Ljava/lang/invoke/MethodType;Ljava/lang/String;[Ljava/lang/Object;)Ljava/lang/invoke/CallSite;+220 java.base@20.0.1
j  java.lang.invoke.DirectMethodHandle$Holder.invokeStatic(Ljava/lang/Object;Ljava/lang/Object;Ljava/lang/Object;Ljava/lang/Object;Ljava/lang/Object;Ljava/lang/Object;)Ljava/lang/Object;+18 java.base@20.0.1
j  java.lang.invoke.DelegatingMethodHandle$Holder.delegate(Ljava/lang/Object;Ljava/lang/Object;Ljava/lang/Object;Ljava/lang/Object;Ljava/lang/Object;Ljava/lang/Object;)Ljava/lang/Object;+21 java.base@20.0.1
J 1660 c1 java.lang.invoke.BootstrapMethodInvoker.invoke(Ljava/lang/Class;Ljava/lang/invoke/MethodHandle;Ljava/lang/String;Ljava/lang/Object;Ljava/lang/Object;Ljava/lang/Class;)Ljava/lang/Object; java.base@20.0.1 (974 bytes) @ 0x00000137102a15d4 [0x000001371029fda0+0x0000000000001834]
J 1659 c1 java.lang.invoke.CallSite.makeSite(Ljava/lang/invoke/MethodHandle;Ljava/lang/String;Ljava/lang/invoke/MethodType;Ljava/lang/Object;Ljava/lang/Class;)Ljava/lang/invoke/CallSite; java.base@20.0.1 (91 bytes) @ 0x000001371029bef4 [0x000001371029bea0+0x0000000000000054]
J 1658 c1 java.lang.invoke.MethodHandleNatives.linkCallSiteImpl(Ljava/lang/Class;Ljava/lang/invoke/MethodHandle;Ljava/lang/String;Ljava/lang/invoke/MethodType;Ljava/lang/Object;[Ljava/lang/Object;)Ljava/lang/invoke/MemberName; java.base@20.0.1 (119 bytes) @ 0x000001371029a224 [0x000001371029a1e0+0x0000000000000044]
J 1657 c1 java.lang.invoke.MethodHandleNatives.linkCallSite(Ljava/lang/Object;Ljava/lang/Object;Ljava/lang/Object;Ljava/lang/Object;Ljava/lang/Object;[Ljava/lang/Object;)Ljava/lang/invoke/MemberName; java.base@20.0.1 (65 bytes) @ 0x0000013710299ddc [0x0000013710299cc0+0x000000000000011c]
v  ~StubRoutines::call_stub 0x000001370fd5100d
j  com.sun.jmx.remote.internal.ServerCommunicatorAdmin.<init>(J)V+93 java.management@20.0.1
j  javax.management.remote.rmi.RMIConnectionImpl$RMIServerCommunicatorAdmin.<init>(Ljavax/management/remote/rmi/RMIConnectionImpl;J)V+7 java.management.rmi@20.0.1
j  javax.management.remote.rmi.RMIConnectionImpl.<init>(Ljavax/management/remote/rmi/RMIServerImpl;Ljava/lang/String;Ljava/lang/ClassLoader;Ljavax/security/auth/Subject;Ljava/util/Map;)V+244 java.management.rmi@20.0.1
j  javax.management.remote.rmi.RMIJRMPServerImpl.makeClient(Ljava/lang/String;Ljavax/security/auth/Subject;)Ljavax/management/remote/rmi/RMIConnection;+29 java.management.rmi@20.0.1
j  javax.management.remote.rmi.RMIServerImpl.doNewClient(Ljava/lang/Object;)Ljavax/management/remote/rmi/RMIConnection;+233 java.management.rmi@20.0.1
j  javax.management.remote.rmi.RMIServerImpl.newClient(Ljava/lang/Object;)Ljavax/management/remote/rmi/RMIConnection;+2 java.management.rmi@20.0.1
j  java.lang.invoke.LambdaForm$DMH+0x00000008010f8800.invokeInterface(Ljava/lang/Object;Ljava/lang/Object;Ljava/lang/Object;)Ljava/lang/Object;+24 java.base@20.0.1
j  java.lang.invoke.LambdaForm$MH+0x00000008010f8c00.invoke(Ljava/lang/Object;Ljava/lang/Object;Ljava/lang/Object;)Ljava/lang/Object;+34 java.base@20.0.1
j  java.lang.invoke.Invokers$Holder.invokeExact_MT(Ljava/lang/Object;Ljava/lang/Object;Ljava/lang/Object;Ljava/lang/Object;)Ljava/lang/Object;+20 java.base@20.0.1
j  jdk.internal.reflect.DirectMethodHandleAccessor.invokeImpl(Ljava/lang/Object;[Ljava/lang/Object;)Ljava/lang/Object;+55 java.base@20.0.1
j  jdk.internal.reflect.DirectMethodHandleAccessor.invoke(Ljava/lang/Object;[Ljava/lang/Object;)Ljava/lang/Object;+23 java.base@20.0.1
j  java.lang.reflect.Method.invoke(Ljava/lang/Object;[Ljava/lang/Object;)Ljava/lang/Object;+102 java.base@20.0.1
j  sun.rmi.server.UnicastServerRef.dispatch(Ljava/rmi/Remote;Ljava/rmi/server/RemoteCall;)V+264 java.rmi@20.0.1
j  sun.rmi.transport.Transport$1.run()Ljava/lang/Void;+23 java.rmi@20.0.1
j  sun.rmi.transport.Transport$1.run()Ljava/lang/Object;+1 java.rmi@20.0.1
J 1684 c1 java.security.AccessController.executePrivileged(Ljava/security/PrivilegedExceptionAction;Ljava/security/AccessControlContext;Ljava/lang/Class;)Ljava/lang/Object; java.base@20.0.1 (65 bytes) @ 0x00000137102a9174 [0x00000137102a9120+0x0000000000000054]
j  java.security.AccessController.doPrivileged(Ljava/security/PrivilegedExceptionAction;Ljava/security/AccessControlContext;)Ljava/lang/Object;+13 java.base@20.0.1
j  sun.rmi.transport.Transport.serviceCall(Ljava/rmi/server/RemoteCall;)Z+164 java.rmi@20.0.1
j  sun.rmi.transport.tcp.TCPTransport.handleMessages(Lsun/rmi/transport/Connection;Z)V+145 java.rmi@20.0.1
j  sun.rmi.transport.tcp.TCPTransport$ConnectionHandler.run0()V+522 java.rmi@20.0.1
j  sun.rmi.transport.tcp.TCPTransport$ConnectionHandler.lambda$run$0()Ljava/lang/Void;+1 java.rmi@20.0.1
j  sun.rmi.transport.tcp.TCPTransport$ConnectionHandler$$Lambda$289+0x00000008011c3980.run()Ljava/lang/Object;+4 java.rmi@20.0.1
J 1152 c1 java.security.AccessController.executePrivileged(Ljava/security/PrivilegedAction;Ljava/security/AccessControlContext;Ljava/lang/Class;)Ljava/lang/Object; java.base@20.0.1 (65 bytes) @ 0x00000137101cc8f4 [0x00000137101cc8a0+0x0000000000000054]
j  java.security.AccessController.doPrivileged(Ljava/security/PrivilegedAction;Ljava/security/AccessControlContext;)Ljava/lang/Object;+13 java.base@20.0.1
j  sun.rmi.transport.tcp.TCPTransport$ConnectionHandler.run()V+37 java.rmi@20.0.1
j  java.util.concurrent.ThreadPoolExecutor.runWorker(Ljava/util/concurrent/ThreadPoolExecutor$Worker;)V+92 java.base@20.0.1
j  java.util.concurrent.ThreadPoolExecutor$Worker.run()V+5 java.base@20.0.1
j  java.lang.Thread.runWith(Ljava/lang/Object;Ljava/lang/Runnable;)V+5 java.base@20.0.1
j  java.lang.Thread.run()V+19 java.base@20.0.1
v  ~StubRoutines::call_stub 0x000001370fd5100d

Compiled method (n/a)    1184 1608     n 0       java.lang.ClassLoader::defineClass0 (native)
 total in heap  [0x0000013710283b10,0x0000013710284170] = 1632
 relocation     [0x0000013710283c58,0x0000013710283c90] = 56
 main code      [0x0000013710283ca0,0x0000013710284169] = 1225
 stub code      [0x0000013710284169,0x0000013710284170] = 7

[Constant Pool (empty)]

[MachCode]
[Entry Point]
  # {method} {0x0000000800435fa0} 'defineClass0' '(Ljava/lang/ClassLoader;Ljava/lang/Class;Ljava/lang/String;[BIILjava/security/ProtectionDomain;ZILjava/lang/Object;)Ljava/lang/Class;' in 'java/lang/ClassLoader'
  # parm0:    rdx:rdx   = 'java/lang/ClassLoader'
  # parm1:    r8:r8     = 'java/lang/Class'
  # parm2:    r9:r9     = 'java/lang/String'
  # parm3:    rdi:rdi   = '[B'
  # parm4:    rsi       = int
  # parm5:    rcx       = int
  # parm6:    [sp+0xb0]   = 'java/security/ProtectionDomain'  (sp of caller)
  # parm7:    [sp+0xb8]   = boolean
  # parm8:    [sp+0xc0]   = int
  # parm9:    [sp+0xc8]   = 'java/lang/Object'
  0x0000013710283ca0: 448b 5208 | 49bb 0000 | 0000 0800 | 0000 4d03 | d349 3bc2 | 0f84 0600 

  0x0000013710283cb8: ;   {runtime_call ic_miss_stub}
  0x0000013710283cb8: 0000 e941 | 01b3 ff90 
[Verified Entry Point]
  0x0000013710283cc0: 8984 2400 | 80ff ff55 | 488b ec48 | 81ec a000 | 0000 6690 | 4181 7f20 | 0100 0000 

  0x0000013710283cdc: ;   {runtime_call StubRoutines (2)}
  0x0000013710283cdc: 7405 e89d | 5fb1 ff48 | 837d 2800 | 488d 4528 | 480f 4445 | 2848 8944 | 2458 4863 | 4520 4889 
  0x0000013710283cfc: 4424 5048 | 6345 1848 | 8944 2448 | 4883 7d10 | 0048 8d45 | 1048 0f44 | 4510 4889 | 4424 4048 
  0x0000013710283d1c: 894c 2438 | 4889 7424 | 3048 897c | 2478 4883 | ff00 488d | 4424 7848 | 0f44 4424 | 7848 8944 
  0x0000013710283d3c: 2428 4c89 | 4c24 7049 | 83f9 0048 | 8d44 2470 | 480f 4444 | 2470 4889 | 4424 204c | 8944 2468 
  0x0000013710283d5c: 4983 f800 | 4c8d 4c24 | 684c 0f44 | 4c24 6848 | 8954 2460 | 4883 fa00 | 4c8d 4424 | 604c 0f44 
  0x0000013710283d7c: ;   {oop(a 'java/lang/Class'{0x00000000886aa2f0} = 'java/lang/ClassLoader')}
  0x0000013710283d7c: 4424 6049 | bef0 a26a | 8800 0000 | 004c 89b4 | 2490 0000 | 004c 8db4 | 2490 0000 | 0049 8bd6 
  0x0000013710283d9c: ;   {internal_word}
  0x0000013710283d9c: c5f8 7749 | ba9c 3d28 | 1037 0100 | 004d 8997 | c802 0000 | 4989 a7c0 

  0x0000013710283db4: ;   {external_word}
  0x0000013710283db4: 0200 0049 | bae1 0985 | 13fe 7f00 | 0041 803a | 000f 844e | 0000 0052 | 4150 4151 

  0x0000013710283dd0: ;   {metadata({method} {0x0000000800435fa0} 'defineClass0' '(Ljava/lang/ClassLoader;Ljava/lang/Class;Ljava/lang/String;[BIILjava/security/ProtectionDomain;ZILjava/lang/Object;)Ljava/lang/Class;' in 'java/lang/ClassLoader')}
  0x0000013710283dd0: 48ba 985f | 4300 0800 | 0000 498b | cf48 83ec | 2040 f6c4 | 0f0f 8419 | 0000 0048 

  0x0000013710283dec: ;   {runtime_call}
  0x0000013710283dec: 83ec 0848 | b8a0 063c | 13fe 7f00 | 00ff d048 | 83c4 08e9 | 0c00 0000 

  0x0000013710283e04: ;   {runtime_call}
  0x0000013710283e04: 48b8 a006 | 3c13 fe7f | 0000 ffd0 | 4883 c420 | 4159 4158 | 5a49 8d8f | e002 0000 | 41c7 8774 
  0x0000013710283e24: 0300 0004 

  0x0000013710283e28: ;   {runtime_call}
  0x0000013710283e28: 0000 0048 | b81c 1599 | 5dfe 7f00 | 00ff d0c5 | f877 41c7 | 8774 0300 | 0005 0000 | 00f0 8344 
  0x0000013710283e48: 24c0 0049 | 3baf 7803 | 0000 0f87 | 0e00 0000 | 4183 bf70 | 0300 0000 | 0f84 2b00 | 0000 c5f8 
  0x0000013710283e68: 7748 8945 | f849 8bcf | 4c8b e448 | 83ec 2048 

  0x0000013710283e78: ;   {runtime_call}
  0x0000013710283e78: 83e4 f048 | b860 fc08 | 13fe 7f00 | 00ff d049 | 8be4 4d33 | e448 8b45 | f841 c787 | 7403 0000 
  0x0000013710283e98: 0800 0000 | 4183 bff0 | 0300 0002 | 0f84 9202 

  0x0000013710283ea8: ;   {external_word}
  0x0000013710283ea8: 0000 49ba | e109 8513 | fe7f 0000 | 4180 3a00 | 0f84 4c00 | 0000 4889 

  0x0000013710283ec0: ;   {metadata({method} {0x0000000800435fa0} 'defineClass0' '(Ljava/lang/ClassLoader;Ljava/lang/Class;Ljava/lang/String;[BIILjava/security/ProtectionDomain;ZILjava/lang/Object;)Ljava/lang/Class;' in 'java/lang/ClassLoader')}
  0x0000013710283ec0: 45f8 48ba | 985f 4300 | 0800 0000 | 498b cf48 | 83ec 2040 | f6c4 0f0f | 8419 0000 | 0048 83ec 
  0x0000013710283ee0: ;   {runtime_call}
  0x0000013710283ee0: 0848 b8a0 | 063c 13fe | 7f00 00ff | d048 83c4 | 08e9 0c00 

  0x0000013710283ef4: ;   {runtime_call}
  0x0000013710283ef4: 0000 48b8 | a006 3c13 | fe7f 0000 | ffd0 4883 | c420 488b | 45f8 49c7 | 87c0 0200 | 0000 0000 
  0x0000013710283f14: 0049 c787 | c802 0000 | 0000 0000 | c5f8 7748 | 85c0 0f84 | ed01 0000 | a801 0f84 | e201 0000 
  0x0000013710283f34: 488b 40ff | 4180 7f40 | 000f 84ce | 0100 0048 | 83f8 000f | 84c4 0100 | 0049 8b4f | 2848 83f9 
  0x0000013710283f54: 000f 8414 | 0000 0048 | 83e9 0849 | 894f 2849 | 034f 3848 | 8901 e9a2 | 0100 0048 | 81ec d000 
  0x0000013710283f74: 0000 4889 | 0424 4889 | 4c24 0848 | 8954 2410 | 4889 7424 | 1848 897c | 2420 4c89 | 4424 284c 
  0x0000013710283f94: 894c 2430 | 4c89 5424 | 384c 895c | 2440 c5fb | 1144 2450 | c5fb 114c | 2458 c5fb | 1154 2460 
  0x0000013710283fb4: c5fb 115c | 2468 c5fb | 1164 2470 | c5fb 116c | 2478 c5fb | 11b4 2480 | 0000 00c5 | fb11 bc24 
  0x0000013710283fd4: 8800 0000 | c57b 1184 | 2490 0000 | 00c5 7b11 | 8c24 9800 | 0000 c57b | 1194 24a0 | 0000 00c5 
  0x0000013710283ff4: 7b11 9c24 | a800 0000 | c57b 11a4 | 24b0 0000 | 00c5 7b11 | ac24 b800 | 0000 c57b | 11b4 24c0 
  0x0000013710284014: 0000 00c5 | 7b11 bc24 | c800 0000 | 498b d748 | 8bc8 4883 | ec20 40f6 | c40f 0f84 | 1900 0000 
  0x0000013710284034: 4883 ec08 

  0x0000013710284038: ;   {runtime_call}
  0x0000013710284038: 48b8 003d | fc12 fe7f | 0000 ffd0 | 4883 c408 | e90c 0000 

  0x000001371028404c: ;   {runtime_call}
  0x000001371028404c: 0048 b800 | 3dfc 12fe | 7f00 00ff | d048 83c4 | 20c5 7b10 | bc24 c800 | 0000 c57b | 10b4 24c0 
  0x000001371028406c: 0000 00c5 | 7b10 ac24 | b800 0000 | c57b 10a4 | 24b0 0000 | 00c5 7b10 | 9c24 a800 | 0000 c57b 
  0x000001371028408c: 1094 24a0 | 0000 00c5 | 7b10 8c24 | 9800 0000 | c57b 1084 | 2490 0000 | 00c5 fb10 | bc24 8800 
  0x00000137102840ac: 0000 c5fb | 10b4 2480 | 0000 00c5 | fb10 6c24 | 78c5 fb10 | 6424 70c5 | fb10 5c24 | 68c5 fb10 
  0x00000137102840cc: 5424 60c5 | fb10 4c24 | 58c5 fb10 | 4424 504c | 8b5c 2440 | 4c8b 5424 | 384c 8b4c | 2430 4c8b 
  0x00000137102840ec: 4424 2848 | 8b7c 2420 | 488b 7424 | 1848 8b54 | 2410 488b | 4c24 0848 | 8b04 2448 | 81c4 d000 
  0x000001371028410c: 0000 c5f8 | 77e9 0300 | 0000 488b | 0049 8b8f | 5003 0000 | c781 0001 | 0000 0000 | 0000 c949 
  0x000001371028412c: 837f 0800 | 0f85 0100 

  0x0000013710284134: ;   {runtime_call StubRoutines (1)}
  0x0000013710284134: 0000 c3e9 | c4cd acff | c5f8 7748 | 8945 f84c | 8be4 4883 | ec20 4883 

  0x000001371028414c: ;   {runtime_call}
  0x000001371028414c: e4f0 48b8 | 403d 3c13 | fe7f 0000 | ffd0 498b | e44d 33e4 | 488b 45f8 | e941 fdff | fff4 f4f4 
  0x000001371028416c: f4f4 f4f4 
[/MachCode]


Compiled method (c1)    1194 1607       1       java.lang.System$2::defineClass (21 bytes)
 total in heap  [0x0000013710289310,0x0000013710289638] = 808
 relocation     [0x0000013710289458,0x0000013710289490] = 56
 main code      [0x00000137102894a0,0x0000013710289578] = 216
 stub code      [0x0000013710289578,0x00000137102895b8] = 64
 metadata       [0x00000137102895b8,0x00000137102895c0] = 8
 scopes data    [0x00000137102895c0,0x00000137102895e0] = 32
 scopes pcs     [0x00000137102895e0,0x0000013710289620] = 64
 dependencies   [0x0000013710289620,0x0000013710289628] = 8
 nul chk table  [0x0000013710289628,0x0000013710289638] = 16

[Constant Pool (empty)]

[MachCode]
[Entry Point]
  # {method} {0x0000000800019f98} 'defineClass' '(Ljava/lang/ClassLoader;Ljava/lang/Class;Ljava/lang/String;[BLjava/security/ProtectionDomain;ZILjava/lang/Object;)Ljava/lang/Class;' in 'java/lang/System$2'
  # this:     rdx:rdx   = 'java/lang/System$2'
  # parm0:    r8:r8     = 'java/lang/ClassLoader'
  # parm1:    r9:r9     = 'java/lang/Class'
  # parm2:    rdi:rdi   = 'java/lang/String'
  # parm3:    rsi:rsi   = '[B'
  # parm4:    rcx:rcx   = 'java/security/ProtectionDomain'
  # parm5:    [sp+0x70]   = boolean  (sp of caller)
  # parm6:    [sp+0x78]   = int
  # parm7:    [sp+0x80]   = 'java/lang/Object'
  0x00000137102894a0: 448b 5208 | 49bb 0000 | 0000 0800 | 0000 4d03 | d34c 3bd0 

  0x00000137102894b4: ;   {runtime_call ic_miss_stub}
  0x00000137102894b4: 0f85 46a9 | b2ff 660f | 1f44 0000 
[Verified Entry Point]
  0x00000137102894c0: 8984 2400 | 80ff ff55 | 4883 ec60 | 4181 7f20 | 0100 0000 

  0x00000137102894d4: ;   {runtime_call StubRoutines (2)}
  0x00000137102894d4: 7405 e8a5 | 07b1 ff48 | 8bd9 4c8b | ac24 8000 | 0000 448b | 5c24 788b | 4424 708b | 4e0c 498b 
  0x00000137102894f4: d04d 8bc1 | 4c8b cf48 | 8bfe be00 | 0000 0048 | 891c 2489 | 4424 0844 | 895c 2410 | 4c89 6c24 
  0x0000013710289514: ;   {static_call}
  0x0000013710289514: 1866 90e8 

  0x0000013710289518: ; ImmutableOopMap {}
                      ;*invokestatic defineClass0 {reexecute=0 rethrow=0 return_oop=0}
                      ; - java.lang.System$2::defineClass@17 (line 2382)
  0x0000013710289518: a4a7 ffff | 4883 c460 

  0x0000013710289520: ;   {poll_return}
  0x0000013710289520: 5d49 3ba7 | 7803 0000 | 0f87 0600 

  0x000001371028952c: ;   {runtime_call throw_null_pointer_exception Runtime1 stub}
  0x000001371028952c: 0000 c3e8 

  0x0000013710289530: ; ImmutableOopMap {r8=Oop r9=Oop rdi=Oop rsi=Oop rbx=Oop r13=Oop [128]=Oop }
                      ;*arraylength {reexecute=0 rethrow=0 return_oop=0}
                      ; - java.lang.System$2::defineClass@8 (line 2382)
  0x0000013710289530: cc38 beff 

  0x0000013710289534: ;   {internal_word}
  0x0000013710289534: 49ba 2195 | 2810 3701 | 0000 4d89 | 9790 0300 

  0x0000013710289544: ;   {runtime_call SafepointBlob}
  0x0000013710289544: 00e9 3618 | b3ff 498b | 8728 0400 | 0049 c787 | 2804 0000 | 0000 0000 | 49c7 8730 | 0400 0000 
  0x0000013710289564: 0000 0048 | 83c4 605d 

  0x000001371028956c: ;   {runtime_call unwind_exception Runtime1 stub}
  0x000001371028956c: e98f 29be | fff4 f4f4 | f4f4 f4f4 
[Exception Handler]
  0x0000013710289578: ;   {no_reloc}
  0x0000013710289578: e803 64be 

  0x000001371028957c: ;   {external_word}
  0x000001371028957c: ff48 b9b0 | 235f 13fe | 7f00 0048 

  0x0000013710289588: ;   {runtime_call}
  0x0000013710289588: 83e4 f048 | b820 162b | 13fe 7f00 | 00ff d0f4 
[Deopt Handler Code]
  0x0000013710289598: ;   {section_word}
  0x0000013710289598: 49ba 9895 | 2810 3701 | 0000 4152 

  0x00000137102895a4: ;   {runtime_call DeoptimizationBlob}
  0x00000137102895a4: e977 0ab3 

  0x00000137102895a8: ;   {static_stub}
  0x00000137102895a8: ff48 bb00 | 0000 0000 

  0x00000137102895b0: ;   {runtime_call}
  0x00000137102895b0: 0000 00e9 | fbff ffff 
[/MachCode]


Compiled method (c1)    1198 1606       1       java.lang.invoke.MethodHandles$Lookup$ClassDefiner::defineClass (97 bytes)
 total in heap  [0x0000013710289690,0x0000013710289cd8] = 1608
 relocation     [0x00000137102897d8,0x0000013710289838] = 96
 main code      [0x0000013710289840,0x0000013710289ae0] = 672
 stub code      [0x0000013710289ae0,0x0000013710289b38] = 88
 metadata       [0x0000013710289b38,0x0000013710289b78] = 64
 scopes data    [0x0000013710289b78,0x0000013710289be8] = 112
 scopes pcs     [0x0000013710289be8,0x0000013710289c98] = 176
 dependencies   [0x0000013710289c98,0x0000013710289ca8] = 16
 nul chk table  [0x0000013710289ca8,0x0000013710289cd8] = 48

[Constant Pool (empty)]

[MachCode]
[Entry Point]
  # {method} {0x00000008001f49a0} 'defineClass' '(ZLjava/lang/Object;)Ljava/lang/Class;' in 'java/lang/invoke/MethodHandles$Lookup$ClassDefiner'
  # this:     rdx:rdx   = 'java/lang/invoke/MethodHandles$Lookup$ClassDefiner'
  # parm0:    r8        = boolean
  # parm1:    r9:r9     = 'java/lang/Object'
  #           [sp+0xe0]  (sp of caller)
  0x0000013710289840: 448b 5208 | 49bb 0000 | 0000 0800 | 0000 4d03 | d34c 3bd0 

  0x0000013710289854: ;   {runtime_call ic_miss_stub}
  0x0000013710289854: 0f85 a6a5 | b2ff 660f | 1f44 0000 
[Verified Entry Point]
  0x0000013710289860: 8984 2400 | 80ff ff55 | 4881 ecd0 | 0000 0090 | 4181 7f20 | 0100 0000 

  0x0000013710289878: ;   {runtime_call StubRoutines (2)}
  0x0000013710289878: 7405 e801 | 04b1 ff48 | 8994 2498 | 0000 0044 | 8984 24b0 | 0000 004c | 898c 24b8 | 0000 008b 
  0x0000013710289898: 7210 4889 | b424 9000 | 0000 8b7e | 1048 89bc | 24a8 0000 | 008b 5f34 | 4883 fb00 | 0f85 0a00 
  0x00000137102898b8: ;   {oop(NULL)}
  0x00000137102898b8: 0000 48bb | 0000 0000 | 0000 0000 | 4883 fb00 | 0f84 ab00 | 0000 8b46 | 1848 83f8 | 0048 899c 
  0x00000137102898d8: 24a0 0000 | 000f 85a8 

  0x00000137102898e0: ;   {oop(a 'java/lang/Class'{0x00000000886d38c8} = 'jdk/internal/access/SharedSecrets')}
  0x00000137102898e0: 0000 0048 | b8c8 386d | 8800 0000 | 008b 407c | 8b4e 1048 | 83f8 000f | 842a 0000 

  0x00000137102898fc: ;   {metadata('java/lang/System$2')}
  0x00000137102898fc: 0048 be20 | 8c01 0008 | 0000 0044 | 8b70 0849 | ba00 0000 | 0008 0000 | 004d 03f2 | 493b 7638 
  0x000001371028991c: 0f85 2a01 | 0000 e900 | 0000 004c | 8bd8 483b | 0048 3b01 | 488b d10f 

  0x0000013710289934: ;   {optimized virtual_call}
  0x0000013710289934: 1f40 00e8 

  0x0000013710289938: ; ImmutableOopMap {[144]=Oop [152]=Oop [160]=Oop [168]=Oop [184]=Oop }
                      ;*invokevirtual protectionDomain {reexecute=0 rethrow=0 return_oop=0}
                      ; - java.lang.System$2::protectionDomain@1 (line 2501)
                      ; - java.lang.invoke.MethodHandles$Lookup::lookupClassProtectionDomain@17 (line 2466)
                      ; - java.lang.invoke.MethodHandles$Lookup$ClassDefiner::defineClass@23 (line 2446)
  0x0000013710289938: e901 0000 | 450f be47 | 4041 83f8 | 0048 8bb4 | 2490 0000 | 000f 8508 | 0100 004c | 8bd0 4489 
  0x0000013710289958: 5618 f083 | 4424 c000 | 4c8b c64c | 33c0 49c1 | e814 4983 | f800 0f85 | 0301 0000 | e912 0000 
  0x0000013710289978: 0048 899c | 24a0 0000 

  0x0000013710289980: ;   {oop(NULL)}
  0x0000013710289980: 0048 b800 | 0000 0000 | 0000 0048 | 8b9c 24a0 | 0000 0048 | 8bbc 24a8 | 0000 0048 | 8b94 2498 
  0x00000137102899a0: ;   {oop(a 'java/lang/Class'{0x00000000886d38c8} = 'jdk/internal/access/SharedSecrets')}
  0x00000137102899a0: 0000 0049 | b8c8 386d | 8800 0000 | 0045 8b70 | 7c8b 7214 | 8b4a 1844 | 8b4a 0c49 | 83fe 000f 
  0x00000137102899c0: 842a 0000 

  0x00000137102899c4: ;   {metadata('java/lang/System$2')}
  0x00000137102899c4: 0049 bb20 | 8c01 0008 | 0000 0045 | 8b6e 0849 | ba00 0000 | 0008 0000 | 004d 03ea | 4d3b 5d38 
  0x00000137102899e4: 0f85 a500 | 0000 e900 | 0000 004d | 8bc6 493b | 064c 8bc3 | 498b d14c | 8bcf 488b | fe48 8bf1 
  0x0000013710289a04: 488b c88b | 8424 b000 | 0000 8904 | 2489 5424 | 0848 8b94 | 24b8 0000 | 0048 8954 | 2410 498b 
  0x0000013710289a24: ;   {optimized virtual_call}
  0x0000013710289a24: d666 90e8 

  0x0000013710289a28: ; ImmutableOopMap {[152]=Oop [168]=Oop }
                      ;*invokeinterface defineClass {reexecute=0 rethrow=0 return_oop=0}
                      ; - java.lang.invoke.MethodHandles$Lookup$ClassDefiner::defineClass@54 (line 2448)
  0x0000013710289a28: 94fa ffff | 4881 c4d0 | 0000 005d 

  0x0000013710289a34: ;   {poll_return}
  0x0000013710289a34: 493b a778 | 0300 000f | 8758 0000 

  0x0000013710289a40: ;   {runtime_call throw_null_pointer_exception Runtime1 stub}
  0x0000013710289a40: 00c3 e8b9 

  0x0000013710289a44: ; ImmutableOopMap {rdx=Oop r9=Oop rsi=Oop [144]=Oop [152]=Oop [184]=Oop }
                      ;*invokevirtual lookupClass {reexecute=0 rethrow=0 return_oop=0}
                      ; - java.lang.invoke.MethodHandles$Lookup$ClassDefiner::defineClass@4 (line 2444)
                      ;   {runtime_call throw_null_pointer_exception Runtime1 stub}
  0x0000013710289a44: 33be ffe8 

  0x0000013710289a48: ; ImmutableOopMap {rdx=Oop r9=Oop rsi=Oop rdi=Oop [144]=Oop [152]=Oop [168]=Oop [184]=Oop }
                      ;*invokevirtual getClassLoader {reexecute=0 rethrow=0 return_oop=0}
                      ; - java.lang.invoke.MethodHandles$Lookup$ClassDefiner::defineClass@9 (line 2445)
  0x0000013710289a48: b433 beff 

  0x0000013710289a4c: ;   {runtime_call throw_incompatible_class_change_error Runtime1 stub}
  0x0000013710289a4c: e82f 68be 

  0x0000013710289a50: ; ImmutableOopMap {rax=Oop rcx=Oop [144]=Oop [152]=Oop [160]=Oop [168]=Oop [184]=Oop }
                      ;*invokeinterface protectionDomain {reexecute=0 rethrow=0 return_oop=0}
                      ; - java.lang.invoke.MethodHandles$Lookup::lookupClassProtectionDomain@17 (line 2466)
                      ; - java.lang.invoke.MethodHandles$Lookup$ClassDefiner::defineClass@23 (line 2446)
                      ;   {runtime_call throw_null_pointer_exception Runtime1 stub}
  0x0000013710289a50: ffe8 aa33 

  0x0000013710289a54: ; ImmutableOopMap {rcx=Oop [144]=Oop [152]=Oop [160]=Oop [168]=Oop [184]=Oop }
                      ;*invokeinterface protectionDomain {reexecute=0 rethrow=0 return_oop=0}
                      ; - java.lang.invoke.MethodHandles$Lookup::lookupClassProtectionDomain@17 (line 2466)
                      ; - java.lang.invoke.MethodHandles$Lookup$ClassDefiner::defineClass@23 (line 2446)
                      ;   {runtime_call throw_null_pointer_exception Runtime1 stub}
  0x0000013710289a54: beff e8a5 

  0x0000013710289a58: ; ImmutableOopMap {rcx=Oop [144]=Oop [152]=Oop [160]=Oop [168]=Oop [184]=Oop }
                      ;*invokevirtual protectionDomain {reexecute=0 rethrow=0 return_oop=0}
                      ; - java.lang.System$2::protectionDomain@1 (line 2501)
                      ; - java.lang.invoke.MethodHandles$Lookup::lookupClassProtectionDomain@17 (line 2466)
                      ; - java.lang.invoke.MethodHandles$Lookup$ClassDefiner::defineClass@23 (line 2446)
  0x0000013710289a58: 33be ff44 | 8b46 1849 | 83f8 000f | 84ea feff | ff4c 8904 

  0x0000013710289a6c: ;   {runtime_call g1_pre_barrier_slow}
  0x0000013710289a6c: 24e8 8eaa | beff e9dc | feff ff48 | 83f8 000f | 84f3 feff | ff48 8934 

  0x0000013710289a84: ;   {runtime_call g1_post_barrier_slow}
  0x0000013710289a84: 24e8 76ad | beff e9e5 

  0x0000013710289a8c: ;   {runtime_call throw_incompatible_class_change_error Runtime1 stub}
  0x0000013710289a8c: feff ffe8 

  0x0000013710289a90: ; ImmutableOopMap {rax=Oop rdi=Oop rbx=Oop r14=Oop rsi=Oop rcx=Oop [152]=Oop [168]=Oop [184]=Oop }
                      ;*invokeinterface defineClass {reexecute=0 rethrow=0 return_oop=0}
                      ; - java.lang.invoke.MethodHandles$Lookup$ClassDefiner::defineClass@54 (line 2448)
  0x0000013710289a90: ec67 beff 

  0x0000013710289a94: ;   {runtime_call throw_null_pointer_exception Runtime1 stub}
  0x0000013710289a94: e867 33be 

  0x0000013710289a98: ; ImmutableOopMap {rax=Oop rdi=Oop rbx=Oop r14=Oop rsi=Oop rcx=Oop [152]=Oop [168]=Oop [184]=Oop }
                      ;*invokeinterface defineClass {reexecute=0 rethrow=0 return_oop=0}
                      ; - java.lang.invoke.MethodHandles$Lookup$ClassDefiner::defineClass@54 (line 2448)
                      ;   {internal_word}
  0x0000013710289a98: ff49 ba34 | 9a28 1037 | 0100 004d | 8997 9003 

  0x0000013710289aa8: ;   {runtime_call SafepointBlob}
  0x0000013710289aa8: 0000 e9d1 | 12b3 ff49 | 8b87 2804 | 0000 49c7 | 8728 0400 | 0000 0000 | 0049 c787 | 3004 0000 
  0x0000013710289ac8: 0000 0000 | 4881 c4d0 | 0000 005d 

  0x0000013710289ad4: ;   {runtime_call unwind_exception Runtime1 stub}
  0x0000013710289ad4: e927 24be | fff4 f4f4 | f4f4 f4f4 
[Stub Code]
  0x0000013710289ae0: ;   {no_reloc}
  0x0000013710289ae0: 0f1f 4400 

  0x0000013710289ae4: ;   {static_stub}
  0x0000013710289ae4: 0048 bb00 | 0000 0000 

  0x0000013710289aec: ;   {runtime_call}
  0x0000013710289aec: 0000 00e9 | fbff ffff 
[Exception Handler]
  0x0000013710289af4: ;   {runtime_call handle_exception_from_callee Runtime1 stub}
  0x0000013710289af4: e887 5ebe 

  0x0000013710289af8: ;   {external_word}
  0x0000013710289af8: ff48 b9b0 | 235f 13fe | 7f00 0048 

  0x0000013710289b04: ;   {runtime_call}
  0x0000013710289b04: 83e4 f048 | b820 162b | 13fe 7f00 | 00ff d0f4 
[Deopt Handler Code]
  0x0000013710289b14: ;   {section_word}
  0x0000013710289b14: 49ba 149b | 2810 3701 | 0000 4152 

  0x0000013710289b20: ;   {runtime_call DeoptimizationBlob}
  0x0000013710289b20: e9fb 04b3 

  0x0000013710289b24: ;   {static_stub}
  0x0000013710289b24: ff48 bb78 | 8546 0008 

  0x0000013710289b2c: ;   {runtime_call I2C/C2I adapters}
  0x0000013710289b2c: 0000 00e9 | 9fef b2ff | f4f4 f4f4 
[/MachCode]


---------------  P R O C E S S  ---------------

Threads class SMR info:
_java_thread_list=0x000001371d8f87f0, length=18, elements={
0x0000013707c9edc0, 0x000001371800b450, 0x0000013718010260, 0x0000013718017720,
0x000001371801a330, 0x000001371801bfc0, 0x000001371801caa0, 0x0000013718020e90,
0x0000013717fd83e0, 0x000001371c908620, 0x000001371c90bbd0, 0x000001371cce6e40,
0x000001371ccf09f0, 0x000001371ce347b0, 0x000001371cf8a300, 0x000001371d3a0330,
0x000001371d8a6890, 0x000001371d8ee200
}

Java Threads: ( => current thread )
  0x0000013707c9edc0 JavaThread "main" [_thread_in_vm, id=12564, stack(0x000000241a900000,0x000000241aa00000)]
  0x000001371800b450 JavaThread "Reference Handler" daemon [_thread_blocked, id=7200, stack(0x000000241b000000,0x000000241b100000)]
  0x0000013718010260 JavaThread "Finalizer" daemon [_thread_blocked, id=9116, stack(0x000000241b100000,0x000000241b200000)]
  0x0000013718017720 JavaThread "Signal Dispatcher" daemon [_thread_blocked, id=16028, stack(0x000000241b200000,0x000000241b300000)]
  0x000001371801a330 JavaThread "Attach Listener" daemon [_thread_blocked, id=9608, stack(0x000000241b300000,0x000000241b400000)]
  0x000001371801bfc0 JavaThread "Service Thread" daemon [_thread_blocked, id=15520, stack(0x000000241b400000,0x000000241b500000)]
  0x000001371801caa0 JavaThread "Monitor Deflation Thread" daemon [_thread_blocked, id=14388, stack(0x000000241b500000,0x000000241b600000)]
  0x0000013718020e90 JavaThread "C1 CompilerThread0" daemon [_thread_blocked, id=14692, stack(0x000000241b600000,0x000000241b700000)]
  0x0000013717fd83e0 JavaThread "Common-Cleaner" daemon [_thread_blocked, id=8188, stack(0x000000241b700000,0x000000241b800000)]
  0x000001371c908620 JavaThread "C1 CompilerThread1" daemon [_thread_blocked, id=4180, stack(0x000000241b800000,0x000000241b900000)]
  0x000001371c90bbd0 JavaThread "C1 CompilerThread2" daemon [_thread_blocked, id=10424, stack(0x000000241b900000,0x000000241ba00000)]
  0x000001371cce6e40 JavaThread "Monitor Ctrl-Break" daemon [_thread_in_native, id=6812, stack(0x000000241ba00000,0x000000241bb00000)]
  0x000001371ccf09f0 JavaThread "Notification Thread" daemon [_thread_blocked, id=5404, stack(0x000000241bb00000,0x000000241bc00000)]
  0x000001371ce347b0 JavaThread "C1 CompilerThread3" daemon [_thread_blocked, id=8776, stack(0x000000241bc00000,0x000000241bd00000)]
  0x000001371cf8a300 JavaThread "RMI TCP Accept-0" daemon [_thread_in_native, id=1684, stack(0x000000241bd00000,0x000000241be00000)]
  0x000001371d3a0330 JavaThread "background-preinit" [_thread_in_vm, id=14368, stack(0x000000241c500000,0x000000241c600000)]
=>0x000001371d8a6890 JavaThread "RMI TCP Connection(1)-172.22.240.1" daemon [_thread_in_vm, id=11036, stack(0x000000241c600000,0x000000241c700000)]
  0x000001371d8ee200 JavaThread "RMI Scheduler(0)" daemon [_thread_blocked, id=14340, stack(0x000000241c700000,0x000000241c800000)]

Other Threads:
  0x0000013717feb4e0 VMThread "VM Thread" [stack: 0x000000241af00000,0x000000241b000000] [id=10860]
  0x0000013707c9fdd0 WatcherThread "VM Periodic Task Thread" [stack: 0x000000241be00000,0x000000241bf00000] [id=3540]
  0x0000013707cfc880 WorkerThread "GC Thread#0" [stack: 0x000000241aa00000,0x000000241ab00000] [id=5512]
  0x000001371d26fc70 WorkerThread "GC Thread#1" [stack: 0x000000241bf00000,0x000000241c000000] [id=2140]
  0x000001371d2300f0 WorkerThread "GC Thread#2" [stack: 0x000000241c000000,0x000000241c100000] [id=14616]
  0x000001371d2b19a0 WorkerThread "GC Thread#3" [stack: 0x000000241c100000,0x000000241c200000] [id=14488]
  0x000001371d2b1c70 WorkerThread "GC Thread#4" [stack: 0x000000241c200000,0x000000241c300000] [id=9592]
  0x000001371d2b1f40 WorkerThread "GC Thread#5" [stack: 0x000000241c300000,0x000000241c400000] [id=13728]
  0x000001371d2b3c80 WorkerThread "GC Thread#6" [stack: 0x000000241c400000,0x000000241c500000] [id=12684]
  0x0000013707d0cc40 ConcurrentGCThread "G1 Main Marker" [stack: 0x000000241ab00000,0x000000241ac00000] [id=4324]
  0x0000013705acd610 WorkerThread "G1 Conc#0" [stack: 0x000000241ac00000,0x000000241ad00000] [id=5844]
  0x0000013707d5e6b0 ConcurrentGCThread "G1 Refine#0" [stack: 0x000000241ad00000,0x000000241ae00000] [id=1364]
  0x0000013717e9b000 ConcurrentGCThread "G1 Service" [stack: 0x000000241ae00000,0x000000241af00000] [id=2172]

Threads with active compile tasks:

VM state: not at safepoint (normal execution)

VM Mutex/Monitor currently owned by a thread:  ([mutex/lock_event])
[0x0000013707c99510] Metaspace_lock - owner thread: 0x000001371d8a6890

Heap address: 0x0000000081e00000, size: 2018 MB, Compressed Oops mode: 32-bit

CDS archive(s) mapped at: [0x0000000800000000-0x0000000800c60000-0x0000000800c60000), size 12976128, SharedBaseAddress: 0x0000000800000000, ArchiveRelocationMode: 0.
Compressed class space mapped at: 0x0000000801000000-0x0000000841000000, reserved size: 1073741824
Narrow klass base: 0x0000000800000000, Narrow klass shift: 0, Narrow klass range: 0x100000000

GC Precious Log:
 CardTable entry size: 512
 Card Set container configuration: InlinePtr #cards 5 size 8 Array Of Cards #cards 12 size 40 Howl #buckets 4 coarsen threshold 1843 Howl Bitmap #cards 512 size 80 coarsen threshold 460 Card regions per heap region 1 cards per card region 2048
 CPUs: 8 total, 8 available
 Memory: 8067M
 Large Page Support: Disabled
 NUMA Support: Disabled
 Compressed Oops: Enabled (32-bit)
 Heap Region Size: 1M
 Heap Min Capacity: 8M
 Heap Initial Capacity: 128M
 Heap Max Capacity: 2018M
 Pre-touch: Disabled
 Parallel Workers: 8
 Concurrent Workers: 2
 Concurrent Refinement Workers: 8
 Periodic GC: Disabled

Heap:
 garbage-first heap   total 131072K, used 29867K [0x0000000081e00000, 0x0000000100000000)
  region size 1024K, 26 young (26624K), 3 survivors (3072K)
 Metaspace       used 13488K, committed 13824K, reserved 1114112K
  class space    used 1738K, committed 1920K, reserved 1048576K

Heap Regions: E=young(eden), S=young(survivor), O=old, HS=humongous(starts), HC=humongous(continues), CS=collection set, F=free, OA=open archive, CA=closed archive, TAMS=top-at-mark-start, PB=parsable bottom
|   0|0x0000000081e00000, 0x0000000081f00000, 0x0000000081f00000|100%|HS|  |TAMS 0x0000000081e00000| PB 0x0000000081e00000| Complete 
|   1|0x0000000081f00000, 0x0000000082000000, 0x0000000082000000|100%| O|  |TAMS 0x0000000081f00000| PB 0x0000000081f00000| Untracked 
|   2|0x0000000082000000, 0x0000000082100000, 0x0000000082100000|100%| O|  |TAMS 0x0000000082000000| PB 0x0000000082000000| Untracked 
|   3|0x0000000082100000, 0x0000000082200000, 0x0000000082200000|100%| O|  |TAMS 0x0000000082100000| PB 0x0000000082100000| Untracked 
|   4|0x0000000082200000, 0x000000008222ac00, 0x0000000082300000| 16%| O|  |TAMS 0x0000000082200000| PB 0x0000000082200000| Untracked 
|   5|0x0000000082300000, 0x0000000082300000, 0x0000000082400000|  0%| F|  |TAMS 0x0000000082300000| PB 0x0000000082300000| Untracked 
|   6|0x0000000082400000, 0x0000000082400000, 0x0000000082500000|  0%| F|  |TAMS 0x0000000082400000| PB 0x0000000082400000| Untracked 
|   7|0x0000000082500000, 0x0000000082500000, 0x0000000082600000|  0%| F|  |TAMS 0x0000000082500000| PB 0x0000000082500000| Untracked 
|   8|0x0000000082600000, 0x0000000082600000, 0x0000000082700000|  0%| F|  |TAMS 0x0000000082600000| PB 0x0000000082600000| Untracked 
|   9|0x0000000082700000, 0x0000000082700000, 0x0000000082800000|  0%| F|  |TAMS 0x0000000082700000| PB 0x0000000082700000| Untracked 
|  10|0x0000000082800000, 0x0000000082800000, 0x0000000082900000|  0%| F|  |TAMS 0x0000000082800000| PB 0x0000000082800000| Untracked 
|  11|0x0000000082900000, 0x0000000082900000, 0x0000000082a00000|  0%| F|  |TAMS 0x0000000082900000| PB 0x0000000082900000| Untracked 
|  12|0x0000000082a00000, 0x0000000082a00000, 0x0000000082b00000|  0%| F|  |TAMS 0x0000000082a00000| PB 0x0000000082a00000| Untracked 
|  13|0x0000000082b00000, 0x0000000082b00000, 0x0000000082c00000|  0%| F|  |TAMS 0x0000000082b00000| PB 0x0000000082b00000| Untracked 
|  14|0x0000000082c00000, 0x0000000082c00000, 0x0000000082d00000|  0%| F|  |TAMS 0x0000000082c00000| PB 0x0000000082c00000| Untracked 
|  15|0x0000000082d00000, 0x0000000082d00000, 0x0000000082e00000|  0%| F|  |TAMS 0x0000000082d00000| PB 0x0000000082d00000| Untracked 
|  16|0x0000000082e00000, 0x0000000082e00000, 0x0000000082f00000|  0%| F|  |TAMS 0x0000000082e00000| PB 0x0000000082e00000| Untracked 
|  17|0x0000000082f00000, 0x0000000082f00000, 0x0000000083000000|  0%| F|  |TAMS 0x0000000082f00000| PB 0x0000000082f00000| Untracked 
|  18|0x0000000083000000, 0x0000000083000000, 0x0000000083100000|  0%| F|  |TAMS 0x0000000083000000| PB 0x0000000083000000| Untracked 
|  19|0x0000000083100000, 0x0000000083100000, 0x0000000083200000|  0%| F|  |TAMS 0x0000000083100000| PB 0x0000000083100000| Untracked 
|  20|0x0000000083200000, 0x0000000083200000, 0x0000000083300000|  0%| F|  |TAMS 0x0000000083200000| PB 0x0000000083200000| Untracked 
|  21|0x0000000083300000, 0x0000000083300000, 0x0000000083400000|  0%| F|  |TAMS 0x0000000083300000| PB 0x0000000083300000| Untracked 
|  22|0x0000000083400000, 0x0000000083400000, 0x0000000083500000|  0%| F|  |TAMS 0x0000000083400000| PB 0x0000000083400000| Untracked 
|  23|0x0000000083500000, 0x0000000083500000, 0x0000000083600000|  0%| F|  |TAMS 0x0000000083500000| PB 0x0000000083500000| Untracked 
|  24|0x0000000083600000, 0x0000000083600000, 0x0000000083700000|  0%| F|  |TAMS 0x0000000083600000| PB 0x0000000083600000| Untracked 
|  25|0x0000000083700000, 0x0000000083700000, 0x0000000083800000|  0%| F|  |TAMS 0x0000000083700000| PB 0x0000000083700000| Untracked 
|  26|0x0000000083800000, 0x0000000083800000, 0x0000000083900000|  0%| F|  |TAMS 0x0000000083800000| PB 0x0000000083800000| Untracked 
|  27|0x0000000083900000, 0x0000000083900000, 0x0000000083a00000|  0%| F|  |TAMS 0x0000000083900000| PB 0x0000000083900000| Untracked 
|  28|0x0000000083a00000, 0x0000000083a00000, 0x0000000083b00000|  0%| F|  |TAMS 0x0000000083a00000| PB 0x0000000083a00000| Untracked 
|  29|0x0000000083b00000, 0x0000000083b00000, 0x0000000083c00000|  0%| F|  |TAMS 0x0000000083b00000| PB 0x0000000083b00000| Untracked 
|  30|0x0000000083c00000, 0x0000000083c00000, 0x0000000083d00000|  0%| F|  |TAMS 0x0000000083c00000| PB 0x0000000083c00000| Untracked 
|  31|0x0000000083d00000, 0x0000000083d00000, 0x0000000083e00000|  0%| F|  |TAMS 0x0000000083d00000| PB 0x0000000083d00000| Untracked 
|  32|0x0000000083e00000, 0x0000000083e00000, 0x0000000083f00000|  0%| F|  |TAMS 0x0000000083e00000| PB 0x0000000083e00000| Untracked 
|  33|0x0000000083f00000, 0x0000000083f00000, 0x0000000084000000|  0%| F|  |TAMS 0x0000000083f00000| PB 0x0000000083f00000| Untracked 
|  34|0x0000000084000000, 0x0000000084000000, 0x0000000084100000|  0%| F|  |TAMS 0x0000000084000000| PB 0x0000000084000000| Untracked 
|  35|0x0000000084100000, 0x0000000084100000, 0x0000000084200000|  0%| F|  |TAMS 0x0000000084100000| PB 0x0000000084100000| Untracked 
|  36|0x0000000084200000, 0x0000000084200000, 0x0000000084300000|  0%| F|  |TAMS 0x0000000084200000| PB 0x0000000084200000| Untracked 
|  37|0x0000000084300000, 0x0000000084300000, 0x0000000084400000|  0%| F|  |TAMS 0x0000000084300000| PB 0x0000000084300000| Untracked 
|  38|0x0000000084400000, 0x0000000084400000, 0x0000000084500000|  0%| F|  |TAMS 0x0000000084400000| PB 0x0000000084400000| Untracked 
|  39|0x0000000084500000, 0x0000000084500000, 0x0000000084600000|  0%| F|  |TAMS 0x0000000084500000| PB 0x0000000084500000| Untracked 
|  40|0x0000000084600000, 0x0000000084600000, 0x0000000084700000|  0%| F|  |TAMS 0x0000000084600000| PB 0x0000000084600000| Untracked 
|  41|0x0000000084700000, 0x0000000084700000, 0x0000000084800000|  0%| F|  |TAMS 0x0000000084700000| PB 0x0000000084700000| Untracked 
|  42|0x0000000084800000, 0x0000000084800000, 0x0000000084900000|  0%| F|  |TAMS 0x0000000084800000| PB 0x0000000084800000| Untracked 
|  43|0x0000000084900000, 0x0000000084900000, 0x0000000084a00000|  0%| F|  |TAMS 0x0000000084900000| PB 0x0000000084900000| Untracked 
|  44|0x0000000084a00000, 0x0000000084a00000, 0x0000000084b00000|  0%| F|  |TAMS 0x0000000084a00000| PB 0x0000000084a00000| Untracked 
|  45|0x0000000084b00000, 0x0000000084b00000, 0x0000000084c00000|  0%| F|  |TAMS 0x0000000084b00000| PB 0x0000000084b00000| Untracked 
|  46|0x0000000084c00000, 0x0000000084c00000, 0x0000000084d00000|  0%| F|  |TAMS 0x0000000084c00000| PB 0x0000000084c00000| Untracked 
|  47|0x0000000084d00000, 0x0000000084d00000, 0x0000000084e00000|  0%| F|  |TAMS 0x0000000084d00000| PB 0x0000000084d00000| Untracked 
|  48|0x0000000084e00000, 0x0000000084e00000, 0x0000000084f00000|  0%| F|  |TAMS 0x0000000084e00000| PB 0x0000000084e00000| Untracked 
|  49|0x0000000084f00000, 0x0000000084f00000, 0x0000000085000000|  0%| F|  |TAMS 0x0000000084f00000| PB 0x0000000084f00000| Untracked 
|  50|0x0000000085000000, 0x0000000085000000, 0x0000000085100000|  0%| F|  |TAMS 0x0000000085000000| PB 0x0000000085000000| Untracked 
|  51|0x0000000085100000, 0x0000000085100000, 0x0000000085200000|  0%| F|  |TAMS 0x0000000085100000| PB 0x0000000085100000| Untracked 
|  52|0x0000000085200000, 0x0000000085200000, 0x0000000085300000|  0%| F|  |TAMS 0x0000000085200000| PB 0x0000000085200000| Untracked 
|  53|0x0000000085300000, 0x0000000085300000, 0x0000000085400000|  0%| F|  |TAMS 0x0000000085300000| PB 0x0000000085300000| Untracked 
|  54|0x0000000085400000, 0x0000000085400000, 0x0000000085500000|  0%| F|  |TAMS 0x0000000085400000| PB 0x0000000085400000| Untracked 
|  55|0x0000000085500000, 0x0000000085500000, 0x0000000085600000|  0%| F|  |TAMS 0x0000000085500000| PB 0x0000000085500000| Untracked 
|  56|0x0000000085600000, 0x0000000085600000, 0x0000000085700000|  0%| F|  |TAMS 0x0000000085600000| PB 0x0000000085600000| Untracked 
|  57|0x0000000085700000, 0x0000000085700000, 0x0000000085800000|  0%| F|  |TAMS 0x0000000085700000| PB 0x0000000085700000| Untracked 
|  58|0x0000000085800000, 0x0000000085800000, 0x0000000085900000|  0%| F|  |TAMS 0x0000000085800000| PB 0x0000000085800000| Untracked 
|  59|0x0000000085900000, 0x0000000085900000, 0x0000000085a00000|  0%| F|  |TAMS 0x0000000085900000| PB 0x0000000085900000| Untracked 
|  60|0x0000000085a00000, 0x0000000085a00000, 0x0000000085b00000|  0%| F|  |TAMS 0x0000000085a00000| PB 0x0000000085a00000| Untracked 
|  61|0x0000000085b00000, 0x0000000085b00000, 0x0000000085c00000|  0%| F|  |TAMS 0x0000000085b00000| PB 0x0000000085b00000| Untracked 
|  62|0x0000000085c00000, 0x0000000085c00000, 0x0000000085d00000|  0%| F|  |TAMS 0x0000000085c00000| PB 0x0000000085c00000| Untracked 
|  63|0x0000000085d00000, 0x0000000085d00000, 0x0000000085e00000|  0%| F|  |TAMS 0x0000000085d00000| PB 0x0000000085d00000| Untracked 
|  64|0x0000000085e00000, 0x0000000085e00000, 0x0000000085f00000|  0%| F|  |TAMS 0x0000000085e00000| PB 0x0000000085e00000| Untracked 
|  65|0x0000000085f00000, 0x0000000085f00000, 0x0000000086000000|  0%| F|  |TAMS 0x0000000085f00000| PB 0x0000000085f00000| Untracked 
|  66|0x0000000086000000, 0x0000000086000000, 0x0000000086100000|  0%| F|  |TAMS 0x0000000086000000| PB 0x0000000086000000| Untracked 
|  67|0x0000000086100000, 0x0000000086100000, 0x0000000086200000|  0%| F|  |TAMS 0x0000000086100000| PB 0x0000000086100000| Untracked 
|  68|0x0000000086200000, 0x0000000086200000, 0x0000000086300000|  0%| F|  |TAMS 0x0000000086200000| PB 0x0000000086200000| Untracked 
|  69|0x0000000086300000, 0x0000000086300000, 0x0000000086400000|  0%| F|  |TAMS 0x0000000086300000| PB 0x0000000086300000| Untracked 
|  70|0x0000000086400000, 0x0000000086400000, 0x0000000086500000|  0%| F|  |TAMS 0x0000000086400000| PB 0x0000000086400000| Untracked 
|  71|0x0000000086500000, 0x0000000086500000, 0x0000000086600000|  0%| F|  |TAMS 0x0000000086500000| PB 0x0000000086500000| Untracked 
|  72|0x0000000086600000, 0x0000000086600000, 0x0000000086700000|  0%| F|  |TAMS 0x0000000086600000| PB 0x0000000086600000| Untracked 
|  73|0x0000000086700000, 0x0000000086700000, 0x0000000086800000|  0%| F|  |TAMS 0x0000000086700000| PB 0x0000000086700000| Untracked 
|  74|0x0000000086800000, 0x0000000086800000, 0x0000000086900000|  0%| F|  |TAMS 0x0000000086800000| PB 0x0000000086800000| Untracked 
|  75|0x0000000086900000, 0x0000000086900000, 0x0000000086a00000|  0%| F|  |TAMS 0x0000000086900000| PB 0x0000000086900000| Untracked 
|  76|0x0000000086a00000, 0x0000000086a00000, 0x0000000086b00000|  0%| F|  |TAMS 0x0000000086a00000| PB 0x0000000086a00000| Untracked 
|  77|0x0000000086b00000, 0x0000000086b00000, 0x0000000086c00000|  0%| F|  |TAMS 0x0000000086b00000| PB 0x0000000086b00000| Untracked 
|  78|0x0000000086c00000, 0x0000000086c00000, 0x0000000086d00000|  0%| F|  |TAMS 0x0000000086c00000| PB 0x0000000086c00000| Untracked 
|  79|0x0000000086d00000, 0x0000000086d00000, 0x0000000086e00000|  0%| F|  |TAMS 0x0000000086d00000| PB 0x0000000086d00000| Untracked 
|  80|0x0000000086e00000, 0x0000000086e00000, 0x0000000086f00000|  0%| F|  |TAMS 0x0000000086e00000| PB 0x0000000086e00000| Untracked 
|  81|0x0000000086f00000, 0x0000000086f00000, 0x0000000087000000|  0%| F|  |TAMS 0x0000000086f00000| PB 0x0000000086f00000| Untracked 
|  82|0x0000000087000000, 0x0000000087000000, 0x0000000087100000|  0%| F|  |TAMS 0x0000000087000000| PB 0x0000000087000000| Untracked 
|  83|0x0000000087100000, 0x0000000087100000, 0x0000000087200000|  0%| F|  |TAMS 0x0000000087100000| PB 0x0000000087100000| Untracked 
|  84|0x0000000087200000, 0x0000000087200000, 0x0000000087300000|  0%| F|  |TAMS 0x0000000087200000| PB 0x0000000087200000| Untracked 
|  85|0x0000000087300000, 0x0000000087300000, 0x0000000087400000|  0%| F|  |TAMS 0x0000000087300000| PB 0x0000000087300000| Untracked 
|  86|0x0000000087400000, 0x0000000087400000, 0x0000000087500000|  0%| F|  |TAMS 0x0000000087400000| PB 0x0000000087400000| Untracked 
|  87|0x0000000087500000, 0x0000000087500000, 0x0000000087600000|  0%| F|  |TAMS 0x0000000087500000| PB 0x0000000087500000| Untracked 
|  88|0x0000000087600000, 0x0000000087600000, 0x0000000087700000|  0%| F|  |TAMS 0x0000000087600000| PB 0x0000000087600000| Untracked 
|  89|0x0000000087700000, 0x0000000087700000, 0x0000000087800000|  0%| F|  |TAMS 0x0000000087700000| PB 0x0000000087700000| Untracked 
|  90|0x0000000087800000, 0x0000000087800000, 0x0000000087900000|  0%| F|  |TAMS 0x0000000087800000| PB 0x0000000087800000| Untracked 
|  91|0x0000000087900000, 0x0000000087900000, 0x0000000087a00000|  0%| F|  |TAMS 0x0000000087900000| PB 0x0000000087900000| Untracked 
|  92|0x0000000087a00000, 0x0000000087a00000, 0x0000000087b00000|  0%| F|  |TAMS 0x0000000087a00000| PB 0x0000000087a00000| Untracked 
|  93|0x0000000087b00000, 0x0000000087b00000, 0x0000000087c00000|  0%| F|  |TAMS 0x0000000087b00000| PB 0x0000000087b00000| Untracked 
|  94|0x0000000087c00000, 0x0000000087c00000, 0x0000000087d00000|  0%| F|  |TAMS 0x0000000087c00000| PB 0x0000000087c00000| Untracked 
|  95|0x0000000087d00000, 0x0000000087d00000, 0x0000000087e00000|  0%| F|  |TAMS 0x0000000087d00000| PB 0x0000000087d00000| Untracked 
|  96|0x0000000087e00000, 0x0000000087e00000, 0x0000000087f00000|  0%| F|  |TAMS 0x0000000087e00000| PB 0x0000000087e00000| Untracked 
|  97|0x0000000087f00000, 0x0000000087f00000, 0x0000000088000000|  0%| F|  |TAMS 0x0000000087f00000| PB 0x0000000087f00000| Untracked 
|  98|0x0000000088000000, 0x0000000088000000, 0x0000000088100000|  0%| F|  |TAMS 0x0000000088000000| PB 0x0000000088000000| Untracked 
|  99|0x0000000088100000, 0x0000000088100000, 0x0000000088200000|  0%| F|  |TAMS 0x0000000088100000| PB 0x0000000088100000| Untracked 
| 100|0x0000000088200000, 0x0000000088200000, 0x0000000088300000|  0%| F|  |TAMS 0x0000000088200000| PB 0x0000000088200000| Untracked 
| 101|0x0000000088300000, 0x0000000088300000, 0x0000000088400000|  0%| F|  |TAMS 0x0000000088300000| PB 0x0000000088300000| Untracked 
| 102|0x0000000088400000, 0x0000000088500000, 0x0000000088500000|100%| S|CS|TAMS 0x0000000088400000| PB 0x0000000088400000| Complete 
| 103|0x0000000088500000, 0x0000000088600000, 0x0000000088600000|100%| S|CS|TAMS 0x0000000088500000| PB 0x0000000088500000| Complete 
| 104|0x0000000088600000, 0x0000000088700000, 0x0000000088700000|100%| S|CS|TAMS 0x0000000088600000| PB 0x0000000088600000| Complete 
| 105|0x0000000088700000, 0x0000000088800000, 0x0000000088800000|100%| E|  |TAMS 0x0000000088700000| PB 0x0000000088700000| Complete 
| 106|0x0000000088800000, 0x0000000088900000, 0x0000000088900000|100%| E|CS|TAMS 0x0000000088800000| PB 0x0000000088800000| Complete 
| 107|0x0000000088900000, 0x0000000088a00000, 0x0000000088a00000|100%| E|CS|TAMS 0x0000000088900000| PB 0x0000000088900000| Complete 
| 108|0x0000000088a00000, 0x0000000088b00000, 0x0000000088b00000|100%| E|CS|TAMS 0x0000000088a00000| PB 0x0000000088a00000| Complete 
| 109|0x0000000088b00000, 0x0000000088c00000, 0x0000000088c00000|100%| E|CS|TAMS 0x0000000088b00000| PB 0x0000000088b00000| Complete 
| 110|0x0000000088c00000, 0x0000000088d00000, 0x0000000088d00000|100%| E|CS|TAMS 0x0000000088c00000| PB 0x0000000088c00000| Complete 
| 111|0x0000000088d00000, 0x0000000088e00000, 0x0000000088e00000|100%| E|CS|TAMS 0x0000000088d00000| PB 0x0000000088d00000| Complete 
| 112|0x0000000088e00000, 0x0000000088f00000, 0x0000000088f00000|100%| E|CS|TAMS 0x0000000088e00000| PB 0x0000000088e00000| Complete 
| 113|0x0000000088f00000, 0x0000000089000000, 0x0000000089000000|100%| E|CS|TAMS 0x0000000088f00000| PB 0x0000000088f00000| Complete 
| 114|0x0000000089000000, 0x0000000089100000, 0x0000000089100000|100%| E|CS|TAMS 0x0000000089000000| PB 0x0000000089000000| Complete 
| 115|0x0000000089100000, 0x0000000089200000, 0x0000000089200000|100%| E|CS|TAMS 0x0000000089100000| PB 0x0000000089100000| Complete 
| 116|0x0000000089200000, 0x0000000089300000, 0x0000000089300000|100%| E|CS|TAMS 0x0000000089200000| PB 0x0000000089200000| Complete 
| 117|0x0000000089300000, 0x0000000089400000, 0x0000000089400000|100%| E|CS|TAMS 0x0000000089300000| PB 0x0000000089300000| Complete 
| 118|0x0000000089400000, 0x0000000089500000, 0x0000000089500000|100%| E|CS|TAMS 0x0000000089400000| PB 0x0000000089400000| Complete 
| 119|0x0000000089500000, 0x0000000089600000, 0x0000000089600000|100%| E|CS|TAMS 0x0000000089500000| PB 0x0000000089500000| Complete 
| 120|0x0000000089600000, 0x0000000089700000, 0x0000000089700000|100%| E|CS|TAMS 0x0000000089600000| PB 0x0000000089600000| Complete 
| 121|0x0000000089700000, 0x0000000089800000, 0x0000000089800000|100%| E|CS|TAMS 0x0000000089700000| PB 0x0000000089700000| Complete 
| 122|0x0000000089800000, 0x0000000089900000, 0x0000000089900000|100%| E|CS|TAMS 0x0000000089800000| PB 0x0000000089800000| Complete 
| 123|0x0000000089900000, 0x0000000089a00000, 0x0000000089a00000|100%| E|CS|TAMS 0x0000000089900000| PB 0x0000000089900000| Complete 
| 124|0x0000000089a00000, 0x0000000089b00000, 0x0000000089b00000|100%| E|CS|TAMS 0x0000000089a00000| PB 0x0000000089a00000| Complete 
| 125|0x0000000089b00000, 0x0000000089c00000, 0x0000000089c00000|100%| E|CS|TAMS 0x0000000089b00000| PB 0x0000000089b00000| Complete 
| 126|0x0000000089c00000, 0x0000000089d00000, 0x0000000089d00000|100%| E|CS|TAMS 0x0000000089c00000| PB 0x0000000089c00000| Complete 
| 127|0x0000000089d00000, 0x0000000089e00000, 0x0000000089e00000|100%| E|CS|TAMS 0x0000000089d00000| PB 0x0000000089d00000| Complete 

Card table byte_map: [0x0000013713260000,0x0000013713660000] _byte_map_base: 0x0000013712e51000

Marking Bits: (CMBitMap*) 0x0000013705acbf70
 Bits: [0x0000013713a60000, 0x00000137159e8000)

Polling page: 0x0000013705c10000

Metaspace:

Usage:
  Non-class:     11.47 MB used.
      Class:      1.70 MB used.
       Both:     13.17 MB used.

Virtual space:
  Non-class space:       64.00 MB reserved,      11.62 MB ( 18%) committed,  1 nodes.
      Class space:        1.00 GB reserved,       1.88 MB ( <1%) committed,  1 nodes.
             Both:        1.06 GB reserved,      13.50 MB (  1%) committed. 

Chunk freelists:
   Non-Class:  63.00 KB
       Class:  2.05 MB
        Both:  2.11 MB

MaxMetaspaceSize: unlimited
CompressedClassSpaceSize: 1.00 GB
Initial GC threshold: 21.00 MB
Current GC threshold: 21.00 MB
CDS: on
MetaspaceReclaimPolicy: balanced
 - commit_granule_bytes: 65536.
 - commit_granule_words: 8192.
 - virtual_space_node_default_size: 8388608.
 - enlarge_chunks_in_place: 1.
 - new_chunks_are_fully_committed: 0.
 - uncommit_free_chunks: 1.
 - use_allocation_guard: 0.


Internal statistics:

num_allocs_failed_limit: 0.
num_arena_births: 272.
num_arena_deaths: 0.
num_vsnodes_births: 2.
num_vsnodes_deaths: 0.
num_space_committed: 216.
num_space_uncommitted: 0.
num_chunks_returned_to_freelist: 0.
num_chunks_taken_from_freelist: 635.
num_chunk_merges: 0.
num_chunk_splits: 407.
num_chunks_enlarged: 274.
num_inconsistent_stats: 0.

CodeCache: size=49152Kb used=5950Kb max_used=5950Kb free=43201Kb
 bounds [0x000001370fd50000, 0x0000013710320000, 0x0000013712d50000]
 total_blobs=2486 nmethods=2004 adapters=404
 compilation: enabled
              stopped_count=0, restarted_count=0
 full_count=0

Compilation events (20 events):
Event: 1.145 Thread 0x0000013718020e90 1992       1       java.lang.invoke.BoundMethodHandle$Species_L::make (11 bytes)
Event: 1.146 Thread 0x0000013718020e90 nmethod 1992 0x000001371031a890 code [0x000001371031aa20, 0x000001371031aba8]
Event: 1.146 Thread 0x0000013718020e90 1994       1       java.lang.invoke.VarHandleGuards::guard_LII_V (135 bytes)
Event: 1.146 Thread 0x000001371c90bbd0 1995       1       java.lang.invoke.VarHandleByteArrayAsInts$ArrayHandle::set (39 bytes)
Event: 1.146 Thread 0x000001371c908620 1996       1       jdk.internal.misc.Unsafe::putIntUnaligned (14 bytes)
Event: 1.146 Thread 0x000001371ce347b0 1997       1       jdk.internal.misc.Unsafe::putIntUnaligned (79 bytes)
Event: 1.146 Thread 0x000001371c908620 nmethod 1996 0x000001371031b090 code [0x000001371031b200, 0x000001371031b308]
Event: 1.146 Thread 0x000001371c90bbd0 nmethod 1995 0x000001371031b390 code [0x000001371031b520, 0x000001371031b6e8]
Event: 1.146 Thread 0x000001371ce347b0 nmethod 1997 0x000001371031b890 code [0x000001371031ba20, 0x000001371031bc00]
Event: 1.147 Thread 0x000001371c90bbd0 1998       1       java.lang.reflect.Field::getName (5 bytes)
Event: 1.147 Thread 0x000001371c90bbd0 nmethod 1998 0x000001371031bc90 code [0x000001371031be00, 0x000001371031bec8]
Event: 1.148 Thread 0x0000013718020e90 nmethod 1994 0x000001371031c290 code [0x000001371031c580, 0x000001371031d3d8]
Event: 1.151 Thread 0x0000013718020e90 2001       1       java.util.stream.StreamSupport::stream (19 bytes)
Event: 1.151 Thread 0x000001371c90bbd0 2002       1       java.util.stream.ReferencePipeline$Head::<init> (8 bytes)
Event: 1.151 Thread 0x000001371ce347b0 2003       1       java.util.stream.ReferencePipeline::<init> (8 bytes)
Event: 1.151 Thread 0x000001371c90bbd0 nmethod 2002 0x000001371031ed90 code [0x000001371031ef20, 0x000001371031eff8]
Event: 1.151 Thread 0x000001371ce347b0 nmethod 2003 0x000001371031f090 code [0x000001371031f220, 0x000001371031f2f8]
Event: 1.151 Thread 0x0000013718020e90 nmethod 2001 0x000001371031f390 code [0x000001371031f540, 0x000001371031f760]
Event: 1.152 Thread 0x000001371c90bbd0 2004       1       java.lang.invoke.LambdaFormEditor$TransformKey::ival (25 bytes)
Event: 1.152 Thread 0x000001371c90bbd0 nmethod 2004 0x000001371031f890 code [0x000001371031fa00, 0x000001371031faa8]

GC Heap History (2 events):
Event: 0.775 GC heap before
{Heap before GC invocations=0 (full 0):
 garbage-first heap   total 131072K, used 23552K [0x0000000081e00000, 0x0000000100000000)
  region size 1024K, 23 young (23552K), 0 survivors (0K)
 Metaspace       used 7596K, committed 7808K, reserved 1114112K
  class space    used 939K, committed 1024K, reserved 1048576K
}
Event: 0.782 GC heap after
{Heap after GC invocations=1 (full 0):
 garbage-first heap   total 131072K, used 7339K [0x0000000081e00000, 0x0000000100000000)
  region size 1024K, 3 young (3072K), 3 survivors (3072K)
 Metaspace       used 7596K, committed 7808K, reserved 1114112K
  class space    used 939K, committed 1024K, reserved 1048576K
}

Dll operation events (12 events):
Event: 0.009 Loaded shared library C:\Program Files\Java\jdk-20\bin\java.dll
Event: 0.022 Loaded shared library C:\Program Files\Java\jdk-20\bin\jsvml.dll
Event: 0.125 Loaded shared library C:\Program Files\Java\jdk-20\bin\zip.dll
Event: 0.130 Loaded shared library C:\Program Files\Java\jdk-20\bin\instrument.dll
Event: 0.136 Loaded shared library C:\Program Files\Java\jdk-20\bin\net.dll
Event: 0.137 Loaded shared library C:\Program Files\Java\jdk-20\bin\nio.dll
Event: 0.140 Loaded shared library C:\Program Files\Java\jdk-20\bin\zip.dll
Event: 0.217 Loaded shared library C:\Program Files\JetBrains\IntelliJ IDEA 2023.1.1\bin\breakgen64.dll
Event: 0.221 Loaded shared library C:\Program Files\Java\jdk-20\bin\jimage.dll
Event: 0.225 Loaded shared library C:\Program Files\Java\jdk-20\bin\extnet.dll
Event: 0.240 Loaded shared library C:\Program Files\Java\jdk-20\bin\management.dll
Event: 0.250 Loaded shared library C:\Program Files\Java\jdk-20\bin\management_ext.dll

Deoptimization events (4 events):
Event: 0.353 Thread 0x0000013707c9edc0 DEOPT PACKING pc=0x00000137100a7e5d sp=0x000000241a9fd160
Event: 0.353 Thread 0x0000013707c9edc0 DEOPT UNPACKING pc=0x000001370fdba4c2 sp=0x000000241a9fc610 mode 3
Event: 0.363 Thread 0x0000013707c9edc0 DEOPT PACKING pc=0x000001371014cde0 sp=0x000000241a9fd130
Event: 0.363 Thread 0x0000013707c9edc0 DEOPT UNPACKING pc=0x000001370fdba4c2 sp=0x000000241a9fc5e8 mode 3

Classes loaded (20 events):
Event: 1.152 Loading class java/security/PermissionsHash
Event: 1.152 Loading class java/security/PermissionsHash done
Event: 1.152 Loading class javax/management/remote/rmi/RMIConnectionImpl$2
Event: 1.152 Loading class javax/management/remote/rmi/RMIConnectionImpl$2 done
Event: 1.152 Loading class com/sun/jmx/remote/util/ClassLoaderWithRepository
Event: 1.152 Loading class com/sun/jmx/remote/util/ClassLoaderWithRepository done
Event: 1.152 Loading class javax/management/remote/rmi/RMIConnectionImpl$3
Event: 1.152 Loading class javax/management/remote/rmi/RMIConnectionImpl$3 done
Event: 1.153 Loading class javax/management/remote/rmi/RMIConnectionImpl$CombinedClassLoader
Event: 1.153 Loading class javax/management/remote/rmi/RMIConnectionImpl$CombinedClassLoader done
Event: 1.153 Loading class java/io/InvalidObjectException
Event: 1.153 Loading class java/io/InvalidObjectException done
Event: 1.153 Loading class javax/management/remote/rmi/RMIConnectionImpl$CombinedClassLoader$ClassLoaderWrapper
Event: 1.153 Loading class javax/management/remote/rmi/RMIConnectionImpl$CombinedClassLoader$ClassLoaderWrapper done
Event: 1.153 Loading class javax/management/remote/rmi/RMIConnectionImpl$RMIServerCommunicatorAdmin
Event: 1.153 Loading class com/sun/jmx/remote/internal/ServerCommunicatorAdmin
Event: 1.153 Loading class com/sun/jmx/remote/internal/ServerCommunicatorAdmin done
Event: 1.153 Loading class javax/management/remote/rmi/RMIConnectionImpl$RMIServerCommunicatorAdmin done
Event: 1.153 Loading class com/sun/jmx/remote/internal/ServerCommunicatorAdmin$Timeout
Event: 1.153 Loading class com/sun/jmx/remote/internal/ServerCommunicatorAdmin$Timeout done

Classes unloaded (0 events):
No events

Classes redefined (0 events):
No events

Internal exceptions (20 events):
Event: 0.905 Thread 0x0000013707c9edc0 Exception <a 'java/lang/NoSuchMethodError'{0x000000008976bbf8}: 'java.lang.Object java.lang.invoke.DirectMethodHandle$Holder.newInvokeSpecial(java.lang.Object, java.lang.Object, java.lang.Object, java.lang.Object, java.lang.Object, java.lang.Object, int)'> (0x000000008976bbf8) 
thrown [s\open\src\hotspot\share\interpreter\linkResolver.cpp, line 773]
Event: 0.905 Thread 0x0000013707c9edc0 Exception <a 'java/lang/NoSuchMethodError'{0x00000000897701a8}: 'java.lang.Object java.lang.invoke.DirectMethodHandle$Holder.invokeSpecial(java.lang.Object, java.lang.Object, java.lang.Object, java.lang.Object, java.lang.Object, java.lang.Object, java.lang.Object, int)'> (0x00000000897701a8) 
thrown [s\open\src\hotspot\share\interpreter\linkResolver.cpp, line 773]
Event: 0.943 Thread 0x0000013707c9edc0 Exception <a 'java/lang/NoSuchMethodError'{0x00000000896f4380}: 'java.lang.Object java.lang.invoke.DirectMethodHandle$Holder.invokeSpecial(java.lang.Object, java.lang.Object, java.lang.Object, int, java.lang.Object)'> (0x00000000896f4380) 
thrown [s\open\src\hotspot\share\interpreter\linkResolver.cpp, line 773]
Event: 0.944 Thread 0x0000013707c9edc0 Exception <a 'java/lang/NoSuchMethodError'{0x00000000896fc720}: 'java.lang.Object java.lang.invoke.DirectMethodHandle$Holder.newInvokeSpecial(java.lang.Object, java.lang.Object, java.lang.Object, int, java.lang.Object)'> (0x00000000896fc720) 
thrown [s\open\src\hotspot\share\interpreter\linkResolver.cpp, line 773]
Event: 0.944 Thread 0x0000013707c9edc0 Exception <a 'java/lang/NoSuchMethodError'{0x0000000089503c10}: 'java.lang.Object java.lang.invoke.Invokers$Holder.linkToTargetMethod(java.lang.Object, java.lang.Object, int, java.lang.Object, java.lang.Object)'> (0x0000000089503c10) 
thrown [s\open\src\hotspot\share\interpreter\linkResolver.cpp, line 773]
Event: 0.945 Thread 0x0000013707c9edc0 Exception <a 'java/lang/NoSuchMethodError'{0x0000000089517108}: 'java.lang.Object java.lang.invoke.DirectMethodHandle$Holder.newInvokeSpecial(java.lang.Object, int, java.lang.Object)'> (0x0000000089517108) 
thrown [s\open\src\hotspot\share\interpreter\linkResolver.cpp, line 773]
Event: 0.945 Thread 0x0000013707c9edc0 Exception <a 'java/lang/NoSuchMethodError'{0x000000008951b818}: 'int java.lang.invoke.DirectMethodHandle$Holder.invokeSpecialIFC(java.lang.Object, java.lang.Object, java.lang.Object, java.lang.Object)'> (0x000000008951b818) 
thrown [s\open\src\hotspot\share\interpreter\linkResolver.cpp, line 773]
Event: 0.961 Thread 0x0000013707c9edc0 Exception <a 'java/lang/NoSuchMethodError'{0x00000000895ea508}: 'void java.lang.invoke.DirectMethodHandle$Holder.invokeInterface(java.lang.Object, java.lang.Object, java.lang.Object)'> (0x00000000895ea508) 
thrown [s\open\src\hotspot\share\interpreter\linkResolver.cpp, line 773]
Event: 0.993 Thread 0x0000013707c9edc0 Exception <a 'java/lang/NoSuchMethodError'{0x000000008933ec50}: 'void java.lang.invoke.DirectMethodHandle$Holder.invokeStatic(java.lang.Object, java.lang.Object, int)'> (0x000000008933ec50) 
thrown [s\open\src\hotspot\share\interpreter\linkResolver.cpp, line 773]
Event: 0.995 Thread 0x0000013707c9edc0 Exception <a 'java/lang/NoSuchMethodError'{0x0000000089346820}: 'void java.lang.invoke.DirectMethodHandle$Holder.invokeStaticInit(java.lang.Object, java.lang.Object)'> (0x0000000089346820) 
thrown [s\open\src\hotspot\share\interpreter\linkResolver.cpp, line 773]
Event: 0.997 Thread 0x0000013707c9edc0 Exception <a 'java/lang/NoSuchMethodError'{0x00000000893554d8}: 'void java.lang.invoke.DirectMethodHandle$Holder.invokeStaticInit(java.lang.Object, java.lang.Object, java.lang.Object)'> (0x00000000893554d8) 
thrown [s\open\src\hotspot\share\interpreter\linkResolver.cpp, line 773]
Event: 1.001 Thread 0x0000013707c9edc0 Exception <a 'java/lang/NoSuchMethodError'{0x0000000089390570}: 'java.lang.Object java.lang.invoke.DirectMethodHandle$Holder.invokeStatic(java.lang.Object, long, java.lang.Object)'> (0x0000000089390570) 
thrown [s\open\src\hotspot\share\interpreter\linkResolver.cpp, line 773]
Event: 1.001 Thread 0x0000013707c9edc0 Exception <a 'java/lang/NoSuchMethodError'{0x0000000089393bc8}: 'java.lang.Object java.lang.invoke.DirectMethodHandle$Holder.invokeStaticInit(java.lang.Object, long, java.lang.Object)'> (0x0000000089393bc8) 
thrown [s\open\src\hotspot\share\interpreter\linkResolver.cpp, line 773]
Event: 1.002 Thread 0x0000013707c9edc0 Exception <a 'java/lang/NoSuchMethodError'{0x00000000893998f0}: 'java.lang.Object java.lang.invoke.DirectMethodHandle$Holder.newInvokeSpecial(java.lang.Object, long)'> (0x00000000893998f0) 
thrown [s\open\src\hotspot\share\interpreter\linkResolver.cpp, line 773]
Event: 1.012 Thread 0x0000013707c9edc0 Exception <a 'java/lang/NoSuchMethodError'{0x00000000893e4c50}: 'void java.lang.invoke.DirectMethodHandle$Holder.invokeVirtual(java.lang.Object, java.lang.Object, java.lang.Object, java.lang.Object)'> (0x00000000893e4c50) 
thrown [s\open\src\hotspot\share\interpreter\linkResolver.cpp, line 773]
Event: 1.048 Thread 0x0000013707c9edc0 Exception <a 'java/lang/NoSuchMethodError'{0x000000008911f908}: 'void java.lang.invoke.DirectMethodHandle$Holder.invokeSpecial(java.lang.Object, java.lang.Object, java.lang.Object, java.lang.Object, java.lang.Object)'> (0x000000008911f908) 
thrown [s\open\src\hotspot\share\interpreter\linkResolver.cpp, line 773]
Event: 1.054 Thread 0x000001371d3a0330 Exception <a 'java/lang/NoClassDefFoundError'{0x0000000089178900}: jakarta/validation/Validation> (0x0000000089178900) 
thrown [s\open\src\hotspot\share\classfile\systemDictionary.cpp, line 294]
Event: 1.055 Thread 0x0000013707c9edc0 Exception <a 'java/lang/IncompatibleClassChangeError'{0x000000008914aa60}: Found class java.lang.Object, but interface was expected> (0x000000008914aa60) 
thrown [s\open\src\hotspot\share\interpreter\linkResolver.cpp, line 840]
Event: 1.149 Thread 0x000001371d8a6890 Exception <a 'java/lang/NoSuchMethodError'{0x0000000088771250}: static [B.<clinit>()V> (0x0000000088771250) 
thrown [s\open\src\hotspot\share\prims\jni.cpp, line 1105]
Event: 1.150 Thread 0x0000013707c9edc0 Exception <a 'java/lang/NoSuchMethodError'{0x00000000888c5c78}: 'java.lang.Object java.lang.invoke.DirectMethodHandle$Holder.invokeStatic(java.lang.Object, int, java.lang.Object)'> (0x00000000888c5c78) 
thrown [s\open\src\hotspot\share\interpreter\linkResolver.cpp, line 773]

VM Operations (20 events):
Event: 0.530 Executing VM operation: HandshakeAllThreads
Event: 0.531 Executing VM operation: HandshakeAllThreads done
Event: 0.557 Executing VM operation: HandshakeAllThreads
Event: 0.557 Executing VM operation: HandshakeAllThreads done
Event: 0.562 Executing VM operation: HandshakeAllThreads
Event: 0.562 Executing VM operation: HandshakeAllThreads done
Event: 0.713 Executing VM operation: ICBufferFull
Event: 0.713 Executing VM operation: ICBufferFull done
Event: 0.775 Executing VM operation: G1CollectForAllocation
Event: 0.782 Executing VM operation: G1CollectForAllocation done
Event: 0.790 Executing VM operation: HandshakeAllThreads
Event: 0.790 Executing VM operation: HandshakeAllThreads done
Event: 0.941 Executing VM operation: HandshakeAllThreads
Event: 0.941 Executing VM operation: HandshakeAllThreads done
Event: 1.042 Executing VM operation: HandshakeAllThreads
Event: 1.042 Executing VM operation: HandshakeAllThreads done
Event: 1.046 Executing VM operation: HandshakeAllThreads
Event: 1.046 Executing VM operation: HandshakeAllThreads done
Event: 1.093 Executing VM operation: ICBufferFull
Event: 1.093 Executing VM operation: ICBufferFull done

Events (18 events):
Event: 0.022 Thread 0x0000013707c9edc0 Thread added: 0x0000013707c9edc0
Event: 0.035 Thread 0x000001371800b450 Thread added: 0x000001371800b450
Event: 0.035 Thread 0x0000013718010260 Thread added: 0x0000013718010260
Event: 0.035 Thread 0x0000013718017720 Thread added: 0x0000013718017720
Event: 0.035 Thread 0x000001371801a330 Thread added: 0x000001371801a330
Event: 0.035 Thread 0x000001371801bfc0 Thread added: 0x000001371801bfc0
Event: 0.035 Thread 0x000001371801caa0 Thread added: 0x000001371801caa0
Event: 0.036 Thread 0x0000013718020e90 Thread added: 0x0000013718020e90
Event: 0.103 Thread 0x0000013717fd83e0 Thread added: 0x0000013717fd83e0
Event: 0.113 Thread 0x000001371c908620 Thread added: 0x000001371c908620
Event: 0.114 Thread 0x000001371c90bbd0 Thread added: 0x000001371c90bbd0
Event: 0.218 Thread 0x000001371cce6e40 Thread added: 0x000001371cce6e40
Event: 0.218 Thread 0x000001371ccf09f0 Thread added: 0x000001371ccf09f0
Event: 0.355 Thread 0x000001371ce347b0 Thread added: 0x000001371ce347b0
Event: 0.519 Thread 0x000001371cf8a300 Thread added: 0x000001371cf8a300
Event: 1.051 Thread 0x000001371d3a0330 Thread added: 0x000001371d3a0330
Event: 1.123 Thread 0x000001371d8a6890 Thread added: 0x000001371d8a6890
Event: 1.149 Thread 0x000001371d8ee200 Thread added: 0x000001371d8ee200


Dynamic libraries:
0x00007ff673940000 - 0x00007ff673950000 	C:\Program Files\Java\jdk-20\bin\java.exe
0x00007ffe7ff50000 - 0x00007ffe80148000 	C:\WINDOWS\SYSTEM32\ntdll.dll
0x00007ffe7e7b0000 - 0x00007ffe7e86f000 	C:\WINDOWS\System32\KERNEL32.DLL
0x00007ffe7d930000 - 0x00007ffe7dc26000 	C:\WINDOWS\System32\KERNELBASE.dll
0x00007ffe7dd20000 - 0x00007ffe7de20000 	C:\WINDOWS\System32\ucrtbase.dll
0x00007ffe64190000 - 0x00007ffe641a9000 	C:\Program Files\Java\jdk-20\bin\jli.dll
0x00007ffe64280000 - 0x00007ffe6429b000 	C:\Program Files\Java\jdk-20\bin\VCRUNTIME140.dll
0x00007ffe7e900000 - 0x00007ffe7e9af000 	C:\WINDOWS\System32\ADVAPI32.dll
0x00007ffe7f5e0000 - 0x00007ffe7f67e000 	C:\WINDOWS\System32\msvcrt.dll
0x00007ffe7ebd0000 - 0x00007ffe7ec6c000 	C:\WINDOWS\System32\sechost.dll
0x00007ffe7f3f0000 - 0x00007ffe7f516000 	C:\WINDOWS\System32\RPCRT4.dll
0x00007ffe7f7f0000 - 0x00007ffe7f98d000 	C:\WINDOWS\System32\USER32.dll
0x00007ffe62b50000 - 0x00007ffe62dea000 	C:\WINDOWS\WinSxS\amd64_microsoft.windows.common-controls_6595b64144ccf1df_6.0.19041.1110_none_60b5254171f9507e\COMCTL32.dll
0x00007ffe7dc30000 - 0x00007ffe7dc52000 	C:\WINDOWS\System32\win32u.dll
0x00007ffe7fee0000 - 0x00007ffe7ff0c000 	C:\WINDOWS\System32\GDI32.dll
0x00007ffe7de90000 - 0x00007ffe7dfa5000 	C:\WINDOWS\System32\gdi32full.dll
0x00007ffe7d890000 - 0x00007ffe7d92d000 	C:\WINDOWS\System32\msvcp_win.dll
0x00007ffe73620000 - 0x00007ffe7362a000 	C:\WINDOWS\SYSTEM32\VERSION.dll
0x00007ffe7ec70000 - 0x00007ffe7eca0000 	C:\WINDOWS\System32\IMM32.DLL
0x00007ffe64400000 - 0x00007ffe6440c000 	C:\Program Files\Java\jdk-20\bin\vcruntime140_1.dll
0x00007ffe50b90000 - 0x00007ffe50c1e000 	C:\Program Files\Java\jdk-20\bin\msvcp140.dll
0x00007ffe12ca0000 - 0x00007ffe13937000 	C:\Program Files\Java\jdk-20\bin\server\jvm.dll
0x00007ffe65580000 - 0x00007ffe65589000 	C:\WINDOWS\SYSTEM32\WSOCK32.dll
0x00007ffe643d0000 - 0x00007ffe643f7000 	C:\WINDOWS\SYSTEM32\WINMM.dll
0x00007ffe7f380000 - 0x00007ffe7f3eb000 	C:\WINDOWS\System32\WS2_32.dll
0x00007ffe7be60000 - 0x00007ffe7be72000 	C:\WINDOWS\SYSTEM32\kernel.appcore.dll
0x00007ffe64330000 - 0x00007ffe6433a000 	C:\Program Files\Java\jdk-20\bin\jimage.dll
0x00007ffe7b470000 - 0x00007ffe7b654000 	C:\WINDOWS\SYSTEM32\DBGHELP.DLL
0x00007ffe65760000 - 0x00007ffe65794000 	C:\WINDOWS\SYSTEM32\dbgcore.DLL
0x00007ffe7dc90000 - 0x00007ffe7dd12000 	C:\WINDOWS\System32\bcryptPrimitives.dll
0x00007ffe75ab0000 - 0x00007ffe75abe000 	C:\Program Files\Java\jdk-20\bin\instrument.dll
0x00007ffe5d990000 - 0x00007ffe5d9b6000 	C:\Program Files\Java\jdk-20\bin\java.dll
0x00007ffe38130000 - 0x00007ffe38207000 	C:\Program Files\Java\jdk-20\bin\jsvml.dll
0x00007ffe7dfb0000 - 0x00007ffe7e6f4000 	C:\WINDOWS\System32\SHELL32.dll
0x00007ffe7b680000 - 0x00007ffe7be13000 	C:\WINDOWS\SYSTEM32\windows.storage.dll
0x00007ffe7fab0000 - 0x00007ffe7fe04000 	C:\WINDOWS\System32\combase.dll
0x00007ffe7cec0000 - 0x00007ffe7ceee000 	C:\WINDOWS\SYSTEM32\Wldp.dll
0x00007ffe7f130000 - 0x00007ffe7f1dd000 	C:\WINDOWS\System32\SHCORE.dll
0x00007ffe7eb60000 - 0x00007ffe7ebb5000 	C:\WINDOWS\System32\shlwapi.dll
0x00007ffe7d570000 - 0x00007ffe7d58f000 	C:\WINDOWS\SYSTEM32\profapi.dll
0x00007ffe54910000 - 0x00007ffe54928000 	C:\Program Files\Java\jdk-20\bin\zip.dll
0x00007ffe64000000 - 0x00007ffe64013000 	C:\Program Files\Java\jdk-20\bin\net.dll
0x00007ffe6fc30000 - 0x00007ffe6fd3a000 	C:\WINDOWS\SYSTEM32\WINHTTP.dll
0x00007ffe7cca0000 - 0x00007ffe7cd0a000 	C:\WINDOWS\system32\mswsock.dll
0x00007ffe5d970000 - 0x00007ffe5d986000 	C:\Program Files\Java\jdk-20\bin\nio.dll
0x00007ffe75a80000 - 0x00007ffe75a9a000 	C:\Program Files\JetBrains\IntelliJ IDEA 2023.1.1\bin\breakgen64.dll
0x00007ffe64270000 - 0x00007ffe64277000 	C:\Program Files\Java\jdk-20\bin\extnet.dll
0x00007ffe7c9f0000 - 0x00007ffe7caba000 	C:\WINDOWS\SYSTEM32\DNSAPI.dll
0x00007ffe7c9b0000 - 0x00007ffe7c9ec000 	C:\WINDOWS\SYSTEM32\IPHLPAPI.DLL
0x00007ffe7f1e0000 - 0x00007ffe7f1e8000 	C:\WINDOWS\System32\NSI.dll
0x00007ffe6fb20000 - 0x00007ffe6fb2a000 	C:\Windows\System32\rasadhlp.dll
0x00007ffe6efe0000 - 0x00007ffe6f062000 	C:\WINDOWS\System32\fwpuclnt.dll
0x00007ffe7dc60000 - 0x00007ffe7dc87000 	C:\WINDOWS\System32\bcrypt.dll
0x00007ffe75c20000 - 0x00007ffe75c2a000 	C:\Program Files\Java\jdk-20\bin\management.dll
0x00007ffe75ac0000 - 0x00007ffe75acb000 	C:\Program Files\Java\jdk-20\bin\management_ext.dll
0x00007ffe7e8f0000 - 0x00007ffe7e8f8000 	C:\WINDOWS\System32\PSAPI.DLL
0x00007ffe7cf00000 - 0x00007ffe7cf18000 	C:\WINDOWS\SYSTEM32\CRYPTSP.dll
0x00007ffe7c5e0000 - 0x00007ffe7c614000 	C:\WINDOWS\system32\rsaenh.dll
0x00007ffe7d530000 - 0x00007ffe7d55e000 	C:\WINDOWS\SYSTEM32\USERENV.dll
0x00007ffe7ce30000 - 0x00007ffe7ce3c000 	C:\WINDOWS\SYSTEM32\CRYPTBASE.dll
0x00007ffe728c0000 - 0x00007ffe728d7000 	C:\WINDOWS\SYSTEM32\dhcpcsvc6.DLL
0x00007ffe72440000 - 0x00007ffe7245d000 	C:\WINDOWS\SYSTEM32\dhcpcsvc.DLL
0x00007ffe572e0000 - 0x00007ffe572f7000 	C:\WINDOWS\system32\napinsp.dll
0x00007ffe572c0000 - 0x00007ffe572db000 	C:\WINDOWS\system32\pnrpnsp.dll
0x00007ffe74eb0000 - 0x00007ffe74ec5000 	C:\WINDOWS\system32\wshbth.dll
0x00007ffe757f0000 - 0x00007ffe7580d000 	C:\WINDOWS\system32\NLAapi.dll
0x00007ffe572a0000 - 0x00007ffe572b2000 	C:\WINDOWS\System32\winrnr.dll

dbghelp: loaded successfully - version: 4.0.5 - missing functions: none
symbol engine: initialized successfully - sym options: 0x614 - pdb path: .;C:\Program Files\Java\jdk-20\bin;C:\WINDOWS\SYSTEM32;C:\WINDOWS\WinSxS\amd64_microsoft.windows.common-controls_6595b64144ccf1df_6.0.19041.1110_none_60b5254171f9507e;C:\Program Files\Java\jdk-20\bin\server;C:\Program Files\JetBrains\IntelliJ IDEA 2023.1.1\bin

VM Arguments:
jvm_args: -XX:TieredStopAtLevel=1 -Dspring.output.ansi.enabled=always -Dcom.sun.management.jmxremote -Dspring.jmx.enabled=true -Dspring.liveBeansView.mbeanDomain -Dspring.application.admin.enabled=true -Dmanagement.endpoints.jmx.exposure.include=* -javaagent:C:\Program Files\JetBrains\IntelliJ IDEA 2023.1.1\lib\idea_rt.jar=64878:C:\Program Files\JetBrains\IntelliJ IDEA 2023.1.1\bin -Dfile.encoding=UTF-8 -Dsun.stdout.encoding=UTF-8 -Dsun.stderr.encoding=UTF-8 
java_command: com.example.basicspringproject2.BasicSpringProject2Application
java_class_path (initial): C:\CTAC_Cohort5\FullStack_104\BasicSpringProject2\target\classes;C:\Users\admin\.m2\repository\org\springframework\boot\spring-boot-starter-data-jpa\3.1.1\spring-boot-starter-data-jpa-3.1.1.jar;C:\Users\admin\.m2\repository\org\springframework\boot\spring-boot-starter-aop\3.1.1\spring-boot-starter-aop-3.1.1.jar;C:\Users\admin\.m2\repository\org\springframework\spring-aop\6.0.10\spring-aop-6.0.10.jar;C:\Users\admin\.m2\repository\org\aspectj\aspectjweaver\1.9.19\aspectjweaver-1.9.19.jar;C:\Users\admin\.m2\repository\org\springframework\boot\spring-boot-starter-jdbc\3.1.1\spring-boot-starter-jdbc-3.1.1.jar;C:\Users\admin\.m2\repository\com\zaxxer\HikariCP\5.0.1\HikariCP-5.0.1.jar;C:\Users\admin\.m2\repository\org\springframework\spring-jdbc\6.0.10\spring-jdbc-6.0.10.jar;C:\Users\admin\.m2\repository\org\hibernate\orm\hibernate-core\6.2.5.Final\hibernate-core-6.2.5.Final.jar;C:\Users\admin\.m2\repository\jakarta\persistence\jakarta.persistence-api\3.1.0\jakarta.persistence-api-3.1.0.jar;C:\Users\admin\.m2\repository\jakarta\transaction\jakarta.transaction-api\2.0.1\jakarta.transaction-api-2.0.1.jar;C:\Users\admin\.m2\repository\org\jboss\logging\jboss-logging\3.5.1.Final\jboss-logging-3.5.1.Final.jar;C:\Users\admin\.m2\repository\org\hibernate\common\hibernate-commons-annotations\6.0.6.Final\hibernate-commons-annotations-6.0.6.Final.jar;C:\Users\admin\.m2\repository\io\smallrye\jandex\3.0.5\jandex-3.0.5.jar;C:\Users\admin\.m2\repository\com\fasterxml\classmate\1.5.1\classmate-1.5.1.jar;C:\Users\admin\.m2\repository\net\bytebuddy\byte-buddy\1.14.5\byte-buddy-1.14.5.jar;C:\Users\admin\.m2\repository\org\glassfish\jaxb\jaxb-runtime\4.0.3\jaxb-runtime-4.0.3.jar;C:\Users\admin\.m2\repository\org\glassfish\jaxb\jaxb-core\4.0.3\jaxb-core-4.0.3.jar;C:\Users\admin\.m2\repository\org\glassfish\jaxb\txw2\4.0.3\txw2-4.0.3.jar;C:\Users\admin\.m2\repository\com\sun\istack\istack-commons-runtime\4.1.2\istack-commons-runtime-4.1.2.jar;C:\Users\admin\.m2\repository\jakarta\inject\jakarta.inject-api\2.0.1\jakarta.inject-api-2.0.1.jar;C:\Users\admin\.m2\repository\org\antlr\antlr4-runtime\4.10.1\antlr4-runtime-4.10.1.jar;C:\Users\admin\.m2\repository\org\springframework\data\spring-data-jpa\3.1.1\spring-data-jpa-3.1.1.jar;C:\Users\admin\.m2\repository\org\springframework\data\spring-data-commons\3.1.1\spring-data-commons-3.1.1.jar;C:\Users\admin\.m2\repository\org\springframework\spring-orm\6.0.10\spring-orm-6.0.10.jar;C:\Users\admin\.m2\repository\org\springframework\spring-context\6.0.10\spring-context-6.0.10.jar;C:\Users\admin\.m2\repository\org\springframework\spring-expression\6.0.10\spring-expression-6.0.10.jar;C:\Users\admin\.m2\repository\org\springframework\spring-tx\6.0.10\spring-tx-6.0.10.jar;C:\Users\admin\.m2\repository\org\springframework\spring-beans\6.0.10\spring-beans-6.0.10.jar;C:\Users\admin\.m2\repository\jakarta\annotation\jakarta.annotation-api\2.1.1\jakarta.annotation-api-2.1.1.jar;C:\Users\admin\.m2\repository\org\springframework\spring-aspects\6.0.10\spring-aspects-6.0.10.jar;C:\Users\admin\.m2\repository\org\springframework\boot\spring-boot-starter-thymeleaf\3.1.1\spring-boot-starter-thymeleaf-3.1.1.jar;C:\Users\admin\.m2\repository\org\springframework\boot\spring-boot-starter\3.1.1\spring-boot-starter-3.1.1.jar;C:\Users\admin\.m2\repository\org\springframework\boot\spring-boot\3.1.1\spring-boot-3.1.1.jar;C:\Users\admin\.m2\repository\org\springframework\boot\spring-boot-autoconfigure\3.1.1\spring-boot-autoconfigure-3.1.1.jar;C:\Users\admin\.m2\repository\org\springframework\boot\spring-boot-starter-logging\3.1.1\spring-boot-starter-logging-3.1.1.jar;C:\Users\admin\.m2\repository\ch\qos\logback\logback-classic\1.4.8\logback-classic-1.4.8.jar;C:\Users\admin\.m2\repository\ch\qos\logback\logback-core\1.4.8\logback-core-1.4.8.jar;C:\Users\admin\.m2\repository\org\apache\logging\log4j\log4j-to-slf4j\2.20.0\log4j-to-slf4j-2.20.0.jar;C:\Users\admin\.m2\repository\org\apache\logging\log4j\log4j-api\2.20.0\log4j-api-2.20.0.jar;C:\Users\admin\.m2\repository\org\slf4j\jul-to-slf4j\2.0.7\jul-to-slf4j-2.0.7.jar;C:\Users\admin\.m2\repository\org\yaml\snakeyaml\1.33\snakeyaml-1.33.jar;C:\Users\admin\.m2\repository\org\thymeleaf\thymeleaf-spring6\3.1.1.RELEASE\thymeleaf-spring6-3.1.1.RELEASE.jar;C:\Users\admin\.m2\repository\org\springframework\boot\spring-boot-starter-web-services\3.1.1\spring-boot-starter-web-services-3.1.1.jar;C:\Users\admin\.m2\repository\org\springframework\boot\spring-boot-starter-web\3.1.1\spring-boot-starter-web-3.1.1.jar;C:\Users\admin\.m2\repository\org\springframework\boot\spring-boot-starter-json\3.1.1\spring-boot-starter-json-3.1.1.jar;C:\Users\admin\.m2\repository\com\fasterxml\jackson\core\jackson-databind\2.15.2\jackson-databind-2.15.2.jar;C:\Users\admin\.m2\repository\com\fasterxml\jackson\core\jackson-annotations\2.15.2\jackson-annotations-2.15.2.jar;C:\Users\admin\.m2\repository\com\fasterxml\jackson\core\jackson-core\2.15.2\jackson-core-2.15.2.jar;C:\Users\admin\.m2\repository\com\fasterxml\jackson\datatype\jackson-datatype-jdk8\2.15.2\jackson-datatype-jdk8-2.15.2.jar;C:\Users\admin\.m2\repository\com\fasterxml\jackson\datatype\jackson-datatype-jsr310\2.15.2\jackson-datatype-jsr310-2.15.2.jar;C:\Users\admin\.m2\repository\com\fasterxml\jackson\module\jackson-module-parameter-names\2.15.2\jackson-module-parameter-names-2.15.2.jar;C:\Users\admin\.m2\repository\org\springframework\boot\spring-boot-starter-tomcat\3.1.1\spring-boot-starter-tomcat-3.1.1.jar;C:\Users\admin\.m2\repository\org\apache\tomcat\embed\tomcat-embed-core\10.1.10\tomcat-embed-core-10.1.10.jar;C:\Users\admin\.m2\repository\org\apache\tomcat\embed\tomcat-embed-el\10.1.10\tomcat-embed-el-10.1.10.jar;C:\Users\admin\.m2\repository\org\apache\tomcat\embed\tomcat-embed-websocket\10.1.10\tomcat-embed-websocket-10.1.10.jar;C:\Users\admin\.m2\repository\org\springframework\spring-web\6.0.10\spring-web-6.0.10.jar;C:\Users\admin\.m2\repository\io\micrometer\micrometer-observation\1.11.1\micrometer-observation-1.11.1.jar;C:\Users\admin\.m2\repository\io\micrometer\micrometer-commons\1.11.1\micrometer-commons-1.11.1.jar;C:\Users\admin\.m2\repository\org\springframework\spring-webmvc\6.0.10\spring-webmvc-6.0.10.jar;C:\Users\admin\.m2\repository\com\sun\xml\messaging\saaj\saaj-impl\3.0.2\saaj-impl-3.0.2.jar;C:\Users\admin\.m2\repository\jakarta\xml\soap\jakarta.xml.soap-api\3.0.0\jakarta.xml.soap-api-3.0.0.jar;C:\Users\admin\.m2\repository\org\jvnet\staxex\stax-ex\2.1.0\stax-ex-2.1.0.jar;C:\Users\admin\.m2\repository\jakarta\activation\jakarta.activation-api\2.1.2\jakarta.activation-api-2.1.2.jar;C:\Users\admin\.m2\repository\org\eclipse\angus\angus-activation\2.0.1\angus-activation-2.0.1.jar;C:\Users\admin\.m2\repository\jakarta\xml\ws\jakarta.xml.ws-api\4.0.0\jakarta.xml.ws-api-4.0.0.jar;C:\Users\admin\.m2\repository\org\springframework\spring-oxm\6.0.10\spring-oxm-6.0.10.jar;C:\Users\admin\.m2\repository\org\springframework\ws\spring-ws-core\4.0.5\spring-ws-core-4.0.5.jar;C:\Users\admin\.m2\repository\org\springframework\ws\spring-xml\4.0.5\spring-xml-4.0.5.jar;C:\Users\admin\.m2\repository\org\thymeleaf\thymeleaf\3.1.1.RELEASE\thymeleaf-3.1.1.RELEASE.jar;C:\Users\admin\.m2\repository\ognl\ognl\3.3.4\ognl-3.3.4.jar;C:\Users\admin\.m2\repository\org\javassist\javassist\3.29.0-GA\javassist-3.29.0-GA.jar;C:\Users\admin\.m2\repository\org\attoparser\attoparser\2.0.6.RELEASE\attoparser-2.0.6.RELEASE.jar;C:\Users\admin\.m2\repository\org\unbescape\unbescape\1.1.6.RELEASE\unbescape-1.1.6.RELEASE.jar;C:\Users\admin\.m2\repository\org\slf4j\slf4j-api\2.0.7\slf4j-api-2.0.7.jar;C:\Users\admin\.m2\repository\com\h2database\h2\2.1.214\h2-2.1.214.jar;C:\Users\admin\.m2\repository\jakarta\xml\bind\jakarta.xml.bind-api\4.0.0\jakarta.xml.bind-api-4.0.0.jar;C:\Users\admin\.m2\repository\org\springframework\spring-core\6.0.10\spring-core-6.0.10.jar;C:\Users\admin\.m2\repository\org\springframework\spring-jcl\6.0.10\spring-jcl-6.0.10.jar
Launcher Type: SUN_STANDARD

[Global flags]
     intx CICompilerCount                          = 4                                         {product} {ergonomic}
     uint ConcGCThreads                            = 2                                         {product} {ergonomic}
     uint G1ConcRefinementThreads                  = 8                                         {product} {ergonomic}
   size_t G1HeapRegionSize                         = 1048576                                   {product} {ergonomic}
    uintx GCDrainStackTargetSize                   = 64                                        {product} {ergonomic}
   size_t InitialHeapSize                          = 134217728                                 {product} {ergonomic}
     bool ManagementServer                         = true                                      {product} {command line}
   size_t MarkStackSize                            = 4194304                                   {product} {ergonomic}
   size_t MaxHeapSize                              = 2116026368                                {product} {ergonomic}
   size_t MaxNewSize                               = 1268776960                                {product} {ergonomic}
   size_t MinHeapDeltaBytes                        = 1048576                                   {product} {ergonomic}
   size_t MinHeapSize                              = 8388608                                   {product} {ergonomic}
    uintx NonProfiledCodeHeapSize                  = 0                                      {pd product} {ergonomic}
     bool ProfileInterpreter                       = false                                  {pd product} {command line}
    uintx ProfiledCodeHeapSize                     = 0                                      {pd product} {ergonomic}
   size_t SoftMaxHeapSize                          = 2116026368                             {manageable} {ergonomic}
     intx TieredStopAtLevel                        = 1                                         {product} {command line}
     bool UseCompressedClassPointers               = true                           {product lp64_product} {ergonomic}
     bool UseCompressedOops                        = true                           {product lp64_product} {ergonomic}
     bool UseG1GC                                  = true                                      {product} {ergonomic}
     bool UseLargePagesIndividualAllocation        = false                                  {pd product} {ergonomic}

Logging:
Log output configuration:
 #0: stdout all=warning uptime,level,tags foldmultilines=false
 #1: stderr all=off uptime,level,tags foldmultilines=false

Environment Variables:
JAVA_HOME=C:\Program Files\Java\jdk-20
PATH=C:\Program Files\Common Files\Oracle\Java\javapath;C:\Program Files (x86)\Common Files\Oracle\Java\javapath;C:\WINDOWS\system32;C:\WINDOWS;C:\WINDOWS\System32\Wbem;C:\WINDOWS\System32\WindowsPowerShell\v1.0\;C:\WINDOWS\System32\OpenSSH\;C:\Program Files\dotnet\;C:\Program Files\Git\cmd;C:\Program Files (x86)\nodejs\;C:\CTAC_Cohort5\FullStack_103\apache-maven-3.9.1\bin;C:\Program Files\Java\jdk-20\bin;C:\Users\admin\AppData\Local\Microsoft\WindowsApps;C:\Users\admin\AppData\Local\Programs\Microsoft VS Code\bin;C:\Users\admin\AppData\Roaming\npm;C:\CTAC_Cohort5\FullStack_103\apache-maven-3.9.1\bin;C:\Program Files\Java\jdk-20\bin;
USERNAME=admin
OS=Windows_NT
PROCESSOR_IDENTIFIER=Intel64 Family 6 Model 142 Stepping 10, GenuineIntel
TMP=C:\Users\admin\AppData\Local\Temp
TEMP=C:\Users\admin\AppData\Local\Temp




---------------  S Y S T E M  ---------------

OS:
 Windows 10 , 64 bit Build 19041 (10.0.19041.3031)
OS uptime: 0 days 22:41 hours
Hyper-V role detected

CPU: total 8 (initial active 8) (4 cores per cpu, 2 threads per core) family 6 model 142 stepping 10 microcode 0xf0, cx8, cmov, fxsr, ht, mmx, 3dnowpref, sse, sse2, sse3, ssse3, sse4.1, sse4.2, popcnt, lzcnt, tsc, tscinvbit, avx, avx2, aes, erms, clmul, bmi1, bmi2, rtm, adx, fma, vzeroupper, clflush, clflushopt, hv, rdtscp, f16c

Memory: 4k page, system-wide physical 8067M (1109M free)
TotalPageFile size 9067M (AvailPageFile size 4M)
current process WorkingSet (physical memory assigned to process): 91M, peak: 91M
current process commit charge ("private bytes"): 234M, peak: 234M

vm_info: Java HotSpot(TM) 64-Bit Server VM (20.0.1+9-29) for windows-amd64 JRE (20.0.1+9-29), built on 2023-03-07T13:56:11Z by "mach5one" with MS VC++ 17.1 (VS2022)

END.
